TN:
SF:contracts/factory/src/contract.rs
FN:50,instantiate
FN:80,{closure#0}
FN:148,execute
FN:190,{closure#0}
FN:196,{closure#1}
FN:199,{closure#2}
FN:200,{closure#0}
FN:207,{closure#3}
FN:226,execute_update_config
FN:277,execute_update_pair_config
FN:317,execute_create_pair
FN:343,{closure#0}
FN:389,reply
FN:396,{closure#0}
FN:424,deregister
FN:482,query
FN:496,query_blacklisted_pair_types
FN:499,{closure#0}
FN:517,query_config
FN:543,query_pair
FN:557,query_pairs
FN:564,{closure#0}
FN:576,query_fee_info
FN:596,migrate
FNF:24
FNDA:16,instantiate
FNDA:39,{closure#0}
FNDA:15,execute
FNDA:2,{closure#0}
FNDA:0,{closure#1}
FNDA:4,{closure#2}
FNDA:3,{closure#0}
FNDA:2,{closure#3}
FNDA:3,execute_update_config
FNDA:2,execute_update_pair_config
FNDA:12,execute_create_pair
FNDA:3,{closure#0}
FNDA:13,reply
FNDA:13,{closure#0}
FNDA:2,deregister
FNDA:12,query
FNDA:6,query_blacklisted_pair_types
FNDA:13,{closure#0}
FNDA:4,query_config
FNDA:16,query_pair
FNDA:1,query_pairs
FNDA:3,{closure#0}
FNDA:4,query_fee_info
FNDA:0,migrate
DA:50,16
DA:56,32
DA:59,31
DA:60,15
DA:63,16
DA:66,30
DA:67,12
DA:68,13
DA:69,17
DA:73,19
DA:74,0
DA:77,35
DA:80,39
DA:83,39
DA:84,1
DA:87,59
DA:89,23
DA:90,1
DA:92,41
DA:94,40
DA:96,43
DA:148,15
DA:154,13
DA:155,3
DA:161,3
DA:162,3
DA:163,3
DA:164,3
DA:166,3
DA:167,3
DA:171,4
DA:172,20
DA:177,4
DA:178,1
DA:179,2
DA:182,1
DA:183,1
DA:184,1
DA:185,1
DA:187,1
DA:190,2
DA:193,0
DA:195,0
DA:196,0
DA:199,4
DA:200,3
DA:201,2
DA:202,1
DA:205,1
DA:207,2
DA:226,3
DA:232,6
DA:235,6
DA:236,2
DA:239,5
DA:241,4
DA:244,6
DA:246,3
DA:247,3
DA:248,3
DA:252,5
DA:253,2
DA:256,3
DA:257,0
DA:260,3
DA:262,6
DA:277,2
DA:282,4
DA:285,4
DA:286,1
DA:290,4
DA:291,1
DA:294,2
DA:295,2
DA:296,2
DA:300,4
DA:317,12
DA:324,31
DA:325,30
DA:327,30
DA:328,0
DA:331,30
DA:333,30
DA:334,36
DA:337,0
DA:341,20
DA:342,12
DA:343,3
DA:346,12
DA:347,0
DA:350,18
DA:351,12
DA:353,48
DA:355,18
DA:356,30
DA:357,12
DA:358,30
DA:359,18
DA:360,12
DA:361,18
DA:362,12
DA:364,18
DA:365,12
DA:368,12
DA:372,66
DA:373,24
DA:374,36
DA:375,12
DA:376,30
DA:389,13
DA:390,31
DA:391,49
DA:392,1
DA:395,31
DA:396,13
DA:398,0
DA:401,31
DA:403,31
DA:405,44
DA:406,13
DA:407,18
DA:424,2
DA:429,4
DA:430,4
DA:432,4
DA:434,4
DA:435,1
DA:438,4
DA:439,2
DA:441,2
DA:442,2
DA:443,4
DA:446,2
DA:447,2
DA:448,4
DA:449,2
DA:451,2
DA:455,6
DA:456,2
DA:457,2
DA:482,12
DA:483,16
DA:484,8
DA:485,22
DA:486,1
DA:487,2
DA:489,10
DA:490,8
DA:496,6
DA:497,6
DA:498,1
DA:499,13
DA:500,1
DA:501,8
DA:502,1
DA:504,6
DA:507,0
DA:517,4
DA:518,4
DA:520,4
DA:521,4
DA:522,8
DA:529,4
DA:530,4
DA:531,4
DA:534,4
DA:543,16
DA:544,27
DA:545,13
DA:557,1
DA:562,3
DA:564,3
DA:567,1
DA:576,4
DA:577,9
DA:578,9
DA:580,4
DA:581,5
DA:582,4
DA:583,5
DA:596,0
DA:597,0
DA:599,0
DA:600,0
DA:601,0
DA:602,0
DA:604,0
DA:608,0
DA:609,0
DA:610,0
DA:611,0
DA:614,0
DA:616,0
DA:618,0
DA:620,0
DA:623,0
DA:625,0
DA:627,0
LF:198
LH:170
end_of_record
TN:
SF:contracts/factory/src/migration.rs
FN:47,migrate_pair_configs_to_v120
FNF:1
FNDA:0,migrate_pair_configs_to_v120
DA:47,0
DA:48,0
DA:49,0
DA:52,0
DA:53,0
DA:55,0
DA:56,0
DA:57,0
DA:58,0
DA:59,0
DA:62,0
DA:65,0
LF:12
LH:0
end_of_record
TN:
SF:contracts/factory/src/querier.rs
FN:9,query_pair_info
FNF:1
FNDA:18,query_pair_info
DA:9,18
DA:10,26
DA:11,18
DA:12,31
LF:4
LH:4
end_of_record
TN:
SF:contracts/factory/src/response.rs
FN:43,new
FN:50,get_contract_address
FN:53,clear_contract_address
FN:58,set_contract_address
FN:64,mut_contract_address
FN:69,take_contract_address
FN:76,get_data
FN:79,clear_data
FN:84,set_data
FN:90,mut_data
FN:95,take_data
FN:101,is_initialized
FN:105,merge_from
FN:125,compute_size
FN:138,write_to_with_cached_sizes
FN:149,get_cached_size
FN:153,get_unknown_fields
FN:157,mut_unknown_fields
FN:161,as_any
FN:164,as_any_mut
FN:167,into_any
FN:171,descriptor
FN:175,new
FN:179,descriptor_static
FN:185,{closure#0}
FN:186,{closure#1}
FN:190,{closure#2}
FN:191,{closure#3}
FN:201,default_instance
FN:208,clear
FN:216,fmt
FN:222,as_ref
FN:247,parse_descriptor_proto
FN:251,file_descriptor_proto
FNF:34
FNDA:18,new
FNDA:18,get_contract_address
FNDA:0,clear_contract_address
FNDA:0,set_contract_address
FNDA:0,mut_contract_address
FNDA:0,take_contract_address
FNDA:0,get_data
FNDA:0,clear_data
FNDA:0,set_data
FNDA:0,mut_data
FNDA:0,take_data
FNDA:18,is_initialized
FNDA:18,merge_from
FNDA:1,compute_size
FNDA:1,write_to_with_cached_sizes
FNDA:0,get_cached_size
FNDA:1,get_unknown_fields
FNDA:0,mut_unknown_fields
FNDA:0,as_any
FNDA:0,as_any_mut
FNDA:0,into_any
FNDA:0,descriptor
FNDA:18,new
FNDA:0,descriptor_static
FNDA:0,{closure#0}
FNDA:0,{closure#1}
FNDA:0,{closure#2}
FNDA:0,{closure#3}
FNDA:0,default_instance
FNDA:0,clear
FNDA:0,fmt
FNDA:0,as_ref
FNDA:0,parse_descriptor_proto
FNDA:0,file_descriptor_proto
DA:37,0
DA:38,0
DA:43,18
DA:44,13
DA:50,18
DA:51,13
DA:53,0
DA:54,0
DA:58,0
DA:59,0
DA:64,0
DA:69,0
DA:70,0
DA:76,0
DA:77,0
DA:79,0
DA:80,0
DA:84,0
DA:85,0
DA:90,0
DA:91,0
DA:95,0
DA:96,0
DA:101,18
DA:105,18
DA:106,13
DA:107,18
DA:108,13
DA:109,18
DA:110,31
DA:112,0
DA:113,0
DA:115,0
DA:116,0
DA:120,13
DA:125,1
DA:126,1
DA:127,2
DA:128,1
DA:130,2
DA:131,0
DA:133,2
DA:134,1
DA:138,1
DA:139,2
DA:140,1
DA:142,2
DA:143,0
DA:145,2
DA:146,1
DA:149,0
DA:150,0
DA:153,1
DA:154,1
DA:157,0
DA:158,0
DA:161,0
DA:164,0
DA:167,0
DA:171,0
DA:172,0
DA:175,18
DA:176,13
DA:179,0
DA:181,0
DA:182,0
DA:183,0
DA:185,0
DA:186,0
DA:188,0
DA:190,0
DA:191,0
DA:193,0
DA:195,0
DA:196,0
DA:201,0
DA:203,0
DA:208,0
DA:209,0
DA:210,0
DA:211,0
DA:216,0
DA:217,0
DA:222,0
DA:223,0
DA:247,0
DA:248,0
DA:251,0
DA:252,0
DA:253,0
LF:90
LH:29
end_of_record
TN:
SF:contracts/factory/src/state.rs
FN:47,pair_key
FN:49,{closure#0}
FN:70,read_pairs
FN:86,{closure#0}
FN:95,{closure#1}
FN:108,calc_range_start
FN:109,{closure#0}
FN:111,{closure#0}
FNF:8
FNDA:12,pair_key
FNDA:60,{closure#0}
FNDA:1,read_pairs
FNDA:2,{closure#0}
FNDA:2,{closure#1}
FNDA:1,calc_range_start
FNDA:2,{closure#0}
FNDA:4,{closure#0}
DA:47,12
DA:48,18
DA:49,60
DA:51,12
DA:70,1
DA:75,2
DA:77,1
DA:78,1
DA:80,1
DA:81,2
DA:82,1
DA:83,1
DA:86,2
DA:87,1
DA:92,2
DA:93,1
DA:95,2
DA:96,1
DA:108,1
DA:109,2
DA:110,1
DA:111,4
DA:113,2
DA:116,1
DA:117,1
LF:25
LH:25
end_of_record
TN:
SF:contracts/factory/tests/integration.rs
FN:12,mock_app
FN:16,store_factory_code
FN:29,store_pair_code
FN:42,store_token_code
FN:164,instantiate_contract
FNF:5
FNDA:1,mock_app
FNDA:1,store_factory_code
FNDA:2,store_pair_code
FNDA:2,store_token_code
FNDA:2,instantiate_contract
DA:12,1
DA:13,2
DA:16,1
DA:18,1
DA:26,1
DA:29,2
DA:31,1
DA:39,2
DA:42,2
DA:43,3
DA:49,1
DA:164,2
DA:165,1
DA:166,1
DA:168,4
DA:170,1
DA:178,1
DA:181,2
DA:182,3
DA:186,1
DA:188,1
DA:192,2
LF:22
LH:22
end_of_record
TN:
SF:contracts/pair/src/contract.rs
FN:50,instantiate
FN:119,reply
FN:171,execute
FN:237,receive_cw20
FN:319,provide_liquidity
FN:344,{closure#1}
FN:349,{closure#3}
FN:464,mint_liquidity_token_message
FN:528,withdraw_liquidity
FN:592,get_share_in_assets
FN:633,swap
FN:764,accumulate_prices
FN:807,calculate_maker_fee
FN:851,query
FN:869,query_pair_info
FN:879,query_pool
FN:898,query_share
FN:912,query_simulation
FN:960,query_reverse_simulation
FN:1010,query_cumulative_prices
FN:1038,query_config
FN:1053,amount_of
FN:1070,compute_swap
FN:1112,compute_offer_amount
FN:1139,{closure#0}
FN:1159,assert_max_spread
FN:1178,{closure#0}
FN:1201,assert_slippage_tolerance
FN:1240,migrate
FN:1270,pool_info
FN:1280,decimal2decimal256
FNF:31
FNDA:15,instantiate
FNDA:11,reply
FNDA:12,execute
FNDA:4,receive_cw20
FNDA:8,provide_liquidity
FNDA:15,{closure#1}
FNDA:14,{closure#3}
FNDA:8,mint_liquidity_token_message
FNDA:2,withdraw_liquidity
FNDA:2,get_share_in_assets
FNDA:5,swap
FNDA:9,accumulate_prices
FNDA:2,calculate_maker_fee
FNDA:15,query
FNDA:11,query_pair_info
FNDA:1,query_pool
FNDA:1,query_share
FNDA:2,query_simulation
FNDA:2,query_reverse_simulation
FNDA:2,query_cumulative_prices
FNDA:1,query_config
FNDA:0,amount_of
FNDA:5,compute_swap
FNDA:2,compute_offer_amount
FNDA:0,{closure#0}
FNDA:4,assert_max_spread
FNDA:2,{closure#0}
FNDA:4,assert_slippage_tolerance
FNDA:0,migrate
FNDA:4,pool_info
FNDA:6,decimal2decimal256
DA:50,15
DA:56,32
DA:57,38
DA:59,32
DA:60,1
DA:63,32
DA:66,16
DA:72,32
DA:74,16
DA:75,16
DA:78,32
DA:80,25
DA:83,51
DA:84,21
DA:85,9
DA:86,32
DA:87,19
DA:88,9
DA:90,19
DA:91,9
DA:92,9
DA:93,19
DA:95,19
DA:97,11
DA:98,21
DA:99,11
DA:103,11
DA:107,21
DA:119,11
DA:120,32
DA:122,53
DA:123,0
DA:126,32
DA:127,11
DA:129,0
DA:132,16
DA:133,32
DA:135,16
DA:137,32
DA:171,12
DA:177,12
DA:178,0
DA:179,8
DA:180,8
DA:186,8
DA:187,8
DA:188,8
DA:189,8
DA:192,8
DA:194,5
DA:200,10
DA:201,10
DA:202,1
DA:205,4
DA:206,0
DA:208,4
DA:212,4
DA:213,4
DA:214,4
DA:215,4
DA:216,4
DA:219,4
DA:237,4
DA:243,8
DA:244,8
DA:245,4
DA:251,4
DA:252,8
DA:254,12
DA:255,4
DA:256,12
DA:257,4
DA:262,4
DA:263,1
DA:266,6
DA:267,4
DA:269,3
DA:273,4
DA:274,4
DA:275,4
DA:276,4
DA:277,4
DA:278,4
DA:279,4
DA:283,4
DA:287,2
DA:288,2
DA:289,2
DA:290,2
DA:291,2
DA:293,0
DA:319,8
DA:328,16
DA:329,16
DA:331,16
DA:332,22
DA:333,9
DA:336,12
DA:337,8
DA:339,8
DA:340,8
DA:341,20
DA:343,22
DA:344,15
DA:346,14
DA:348,23
DA:349,14
DA:353,8
DA:354,0
DA:357,8
DA:358,24
DA:360,20
DA:361,7
DA:362,6
DA:363,14
DA:364,7
DA:365,7
DA:366,7
DA:368,7
DA:373,4
DA:377,12
DA:378,24
DA:381,8
DA:386,0
DA:388,24
DA:389,8
DA:391,8
DA:392,8
DA:398,8
DA:399,0
DA:402,8
DA:405,9
DA:413,4
DA:414,4
DA:419,24
DA:421,24
DA:422,8
DA:424,8
DA:425,16
DA:426,8
DA:431,16
DA:434,8
DA:435,8
DA:436,8
DA:437,16
DA:440,32
DA:441,8
DA:442,16
DA:443,16
DA:444,16
DA:445,16
DA:464,8
DA:472,8
DA:475,8
DA:476,24
DA:477,8
DA:478,16
DA:479,8
DA:482,8
DA:487,0
DA:490,0
DA:491,0
DA:494,0
DA:495,0
DA:496,0
DA:497,0
DA:498,0
DA:501,0
DA:503,0
DA:504,0
DA:505,0
DA:506,0
DA:508,0
DA:510,0
DA:528,2
DA:535,4
DA:537,4
DA:538,1
DA:541,4
DA:542,2
DA:545,3
DA:548,1
DA:549,1
DA:550,1
DA:551,2
DA:555,6
DA:556,10
DA:557,2
DA:558,4
DA:559,10
DA:560,2
DA:561,4
DA:562,2
DA:563,2
DA:564,4
DA:565,2
DA:569,6
DA:570,2
DA:571,4
DA:572,4
DA:573,2
DA:575,4
DA:579,6
DA:580,2
DA:581,2
DA:592,2
DA:597,3
DA:598,6
DA:599,3
DA:602,6
DA:604,9
DA:605,3
DA:606,3
DA:633,5
DA:643,10
DA:645,10
DA:648,17
DA:650,10
DA:652,16
DA:653,6
DA:654,17
DA:655,4
DA:665,12
DA:666,5
DA:667,4
DA:668,4
DA:669,1
DA:670,1
DA:672,1
DA:677,5
DA:678,9
DA:679,5
DA:682,5
DA:684,6
DA:685,5
DA:686,6
DA:687,5
DA:694,6
DA:695,5
DA:696,6
DA:701,6
DA:705,11
DA:706,14
DA:707,16
DA:711,9
DA:712,6
DA:714,1
DA:715,1
DA:716,1
DA:718,4
DA:719,2
DA:724,11
DA:727,3
DA:728,3
DA:729,3
DA:730,6
DA:733,73
DA:737,5
DA:739,5
DA:740,12
DA:741,10
DA:742,12
DA:743,10
DA:744,12
DA:745,10
DA:746,12
DA:747,10
DA:748,12
DA:749,10
DA:764,9
DA:770,18
DA:771,9
DA:772,4
DA:776,18
DA:778,9
DA:779,9
DA:781,13
DA:782,4
DA:783,8
DA:784,8
DA:785,0
DA:786,4
DA:788,8
DA:789,8
DA:790,0
DA:791,4
DA:795,9
DA:807,2
DA:812,4
DA:813,2
DA:814,0
DA:817,2
DA:818,2
DA:819,2
DA:851,15
DA:852,10
DA:853,30
DA:854,0
DA:855,0
DA:856,0
DA:857,0
DA:858,0
DA:860,6
DA:861,2
DA:869,11
DA:870,16
DA:871,11
DA:879,1
DA:880,1
DA:881,2
DA:888,1
DA:898,1
DA:899,1
DA:900,2
DA:901,1
DA:903,1
DA:912,2
DA:913,4
DA:914,2
DA:916,2
DA:920,5
DA:921,1
DA:922,1
DA:923,2
DA:924,1
DA:925,1
DA:927,0
DA:934,1
DA:935,1
DA:936,1
DA:940,2
DA:941,2
DA:942,2
DA:943,2
DA:946,2
DA:960,2
DA:964,4
DA:965,2
DA:967,2
DA:971,5
DA:972,1
DA:973,1
DA:974,2
DA:975,1
DA:976,1
DA:978,0
DA:985,1
DA:986,1
DA:987,1
DA:991,2
DA:992,2
DA:993,2
DA:994,2
DA:997,2
DA:1010,2
DA:1011,4
DA:1012,4
DA:1014,2
DA:1015,2
DA:1017,4
DA:1020,2
DA:1021,2
DA:1031,2
DA:1038,1
DA:1039,1
DA:1040,1
DA:1041,1
DA:1042,1
DA:1053,0
DA:1054,0
DA:1055,0
DA:1056,0
DA:1070,5
DA:1076,4
DA:1077,5
DA:1078,4
DA:1079,5
DA:1083,4
DA:1084,15
DA:1085,4
DA:1086,4
DA:1089,5
DA:1091,5
DA:1094,5
DA:1095,4
DA:1096,5
DA:1097,9
DA:1098,9
DA:1112,2
DA:1120,2
DA:1121,2
DA:1122,2
DA:1124,6
DA:1126,2
DA:1127,2
DA:1128,4
DA:1129,2
DA:1133,2
DA:1136,4
DA:1137,6
DA:1138,2
DA:1139,0
DA:1140,2
DA:1141,2
DA:1159,4
DA:1166,5
DA:1167,9
DA:1169,4
DA:1170,5
DA:1171,0
DA:1174,6
DA:1175,4
DA:1176,4
DA:1177,2
DA:1178,2
DA:1180,3
DA:1181,1
DA:1183,1
DA:1185,5
DA:1186,2
DA:1189,4
DA:1201,4
DA:1206,4
DA:1207,8
DA:1209,4
DA:1210,4
DA:1211,0
DA:1214,8
DA:1215,8
DA:1216,4
DA:1217,4
DA:1220,13
DA:1221,4
DA:1222,12
DA:1223,4
DA:1225,1
DA:1228,4
DA:1240,0
DA:1241,0
DA:1243,0
DA:1244,0
DA:1245,0
DA:1246,0
DA:1248,0
DA:1251,0
DA:1253,0
DA:1254,0
DA:1257,0
DA:1259,0
DA:1260,0
DA:1270,4
DA:1271,4
DA:1272,4
DA:1273,10
DA:1275,5
DA:1280,6
DA:1281,7
DA:1282,0
LF:458
LH:404
end_of_record
TN:
SF:contracts/pair/src/error.rs
FN:50,from
FNF:1
FNDA:0,from
DA:50,0
DA:51,0
LF:2
LH:0
end_of_record
TN:
SF:contracts/pair/src/response.rs
FN:43,new
FN:50,get_contract_address
FN:53,clear_contract_address
FN:58,set_contract_address
FN:64,mut_contract_address
FN:69,take_contract_address
FN:76,get_data
FN:79,clear_data
FN:84,set_data
FN:90,mut_data
FN:95,take_data
FN:101,is_initialized
FN:105,merge_from
FN:125,compute_size
FN:138,write_to_with_cached_sizes
FN:149,get_cached_size
FN:153,get_unknown_fields
FN:157,mut_unknown_fields
FN:161,as_any
FN:164,as_any_mut
FN:167,into_any
FN:171,descriptor
FN:175,new
FN:179,descriptor_static
FN:181,{closure#0}
FN:185,{closure#0}
FN:186,{closure#1}
FN:190,{closure#2}
FN:191,{closure#3}
FN:201,default_instance
FN:208,clear
FN:216,fmt
FN:222,as_ref
FN:247,parse_descriptor_proto
FN:251,file_descriptor_proto
FN:252,{closure#0}
FNF:36
FNDA:21,new
FNDA:16,get_contract_address
FNDA:0,clear_contract_address
FNDA:0,set_contract_address
FNDA:0,mut_contract_address
FNDA:0,take_contract_address
FNDA:0,get_data
FNDA:0,clear_data
FNDA:0,set_data
FNDA:0,mut_data
FNDA:0,take_data
FNDA:16,is_initialized
FNDA:21,merge_from
FNDA:6,compute_size
FNDA:6,write_to_with_cached_sizes
FNDA:0,get_cached_size
FNDA:6,get_unknown_fields
FNDA:0,mut_unknown_fields
FNDA:0,as_any
FNDA:0,as_any_mut
FNDA:0,into_any
FNDA:0,descriptor
FNDA:21,new
FNDA:0,descriptor_static
FNDA:0,{closure#0}
FNDA:0,{closure#0}
FNDA:0,{closure#1}
FNDA:0,{closure#2}
FNDA:0,{closure#3}
FNDA:0,default_instance
FNDA:0,clear
FNDA:0,fmt
FNDA:0,as_ref
FNDA:0,parse_descriptor_proto
FNDA:0,file_descriptor_proto
FNDA:0,{closure#0}
DA:37,0
DA:38,0
DA:43,21
DA:44,11
DA:50,16
DA:51,16
DA:53,0
DA:54,0
DA:58,0
DA:59,0
DA:64,0
DA:69,0
DA:70,0
DA:76,0
DA:77,0
DA:79,0
DA:80,0
DA:84,0
DA:85,0
DA:90,0
DA:91,0
DA:95,0
DA:96,0
DA:101,16
DA:105,21
DA:106,11
DA:107,21
DA:108,11
DA:109,21
DA:110,32
DA:112,0
DA:113,0
DA:115,0
DA:116,0
DA:120,11
DA:125,6
DA:126,1
DA:127,12
DA:128,1
DA:130,7
DA:131,0
DA:133,7
DA:134,1
DA:138,6
DA:139,2
DA:140,6
DA:142,7
DA:143,0
DA:145,7
DA:146,6
DA:149,0
DA:150,0
DA:153,6
DA:154,1
DA:157,0
DA:158,0
DA:161,0
DA:164,0
DA:167,0
DA:171,0
DA:172,0
DA:175,21
DA:176,11
DA:179,0
DA:181,0
DA:182,0
DA:183,0
DA:185,0
DA:186,0
DA:188,0
DA:190,0
DA:191,0
DA:193,0
DA:195,0
DA:196,0
DA:201,0
DA:203,0
DA:208,0
DA:209,0
DA:210,0
DA:211,0
DA:216,0
DA:217,0
DA:222,0
DA:223,0
DA:247,0
DA:248,0
DA:251,0
DA:252,0
DA:253,0
LF:90
LH:29
end_of_record
TN:
SF:contracts/pair/tests/integration.rs
FN:17,mock_app
FN:18,{closure#0}
FN:24,store_token_code
FN:34,store_pair_code
FN:47,store_factory_code
FN:60,instantiate_pair
FN:326,provide_liquidity_msg
FNF:7
FNDA:1,mock_app
FNDA:3,{closure#0}
FNDA:2,store_token_code
FNDA:1,store_pair_code
FNDA:1,store_factory_code
FNDA:1,instantiate_pair
FNDA:1,provide_liquidity_msg
DA:17,1
DA:18,3
DA:20,2
DA:24,2
DA:25,2
DA:31,3
DA:34,1
DA:36,1
DA:44,2
DA:47,1
DA:49,1
DA:57,1
DA:60,1
DA:61,1
DA:63,1
DA:66,1
DA:75,1
DA:79,3
DA:82,2
DA:85,1
DA:86,1
DA:90,3
DA:92,1
DA:94,2
DA:95,2
DA:97,1
DA:326,1
DA:333,1
DA:347,1
DA:352,1
DA:353,1
DA:354,1
DA:355,1
DA:357,1
DA:358,1
DA:359,1
DA:363,1
LF:37
LH:37
end_of_record
TN:
SF:contracts/pair_stable/src/contract.rs
FN:62,instantiate
FN:145,reply
FN:198,execute
FN:264,receive_cw20
FN:345,provide_liquidity
FN:370,{closure#1}
FN:375,{closure#3}
FN:541,mint_liquidity_token_message
FN:605,withdraw_liquidity
FN:670,get_share_in_assets
FN:714,swap
FN:857,accumulate_prices
FN:924,calculate_maker_fee
FN:968,query
FN:988,query_pair_info
FN:998,query_pool
FN:1017,query_share
FN:1033,query_simulation
FN:1086,query_reverse_simulation
FN:1140,query_cumulative_prices
FN:1168,query_config
FN:1185,amount_of
FN:1208,compute_swap
FN:1257,compute_offer_amount
FN:1307,adjust_precision
FN:1338,assert_max_spread
FN:1357,{closure#0}
FN:1380,assert_slippage_tolerance
FN:1398,migrate
FN:1408,pool_info
FN:1428,update_config
FN:1464,start_changing_amp
FN:1511,stop_changing_amp
FN:1532,compute_current_amp
FN:1559,decimal2decimal256
FNF:35
FNDA:5,instantiate
FNDA:6,reply
FNDA:3,execute
FNDA:2,receive_cw20
FNDA:4,provide_liquidity
FNDA:8,{closure#1}
FNDA:8,{closure#3}
FNDA:4,mint_liquidity_token_message
FNDA:1,withdraw_liquidity
FNDA:1,get_share_in_assets
FNDA:1,swap
FNDA:4,accumulate_prices
FNDA:0,calculate_maker_fee
FNDA:3,query
FNDA:5,query_pair_info
FNDA:1,query_pool
FNDA:1,query_share
FNDA:0,query_simulation
FNDA:0,query_reverse_simulation
FNDA:2,query_cumulative_prices
FNDA:1,query_config
FNDA:0,amount_of
FNDA:1,compute_swap
FNDA:0,compute_offer_amount
FNDA:4,adjust_precision
FNDA:2,assert_max_spread
FNDA:0,{closure#0}
FNDA:4,assert_slippage_tolerance
FNDA:0,migrate
FNDA:3,pool_info
FNDA:1,update_config
FNDA:1,start_changing_amp
FNDA:1,stop_changing_amp
FNDA:3,compute_current_amp
FNDA:0,decimal2decimal256
DA:62,5
DA:68,11
DA:69,12
DA:71,13
DA:72,1
DA:75,12
DA:76,2
DA:79,10
DA:81,5
DA:82,0
DA:85,12
DA:88,4
DA:94,11
DA:96,7
DA:97,4
DA:98,6
DA:99,5
DA:100,7
DA:101,4
DA:104,11
DA:106,13
DA:109,18
DA:110,6
DA:111,5
DA:112,11
DA:113,6
DA:114,6
DA:116,6
DA:117,6
DA:118,5
DA:119,6
DA:121,6
DA:123,6
DA:124,6
DA:125,6
DA:129,6
DA:133,6
DA:145,6
DA:146,12
DA:148,18
DA:149,0
DA:152,12
DA:153,6
DA:155,0
DA:158,5
DA:159,12
DA:161,7
DA:163,12
DA:198,3
DA:204,3
DA:205,2
DA:206,4
DA:207,4
DA:213,4
DA:214,4
DA:215,4
DA:216,4
DA:219,4
DA:221,0
DA:227,0
DA:228,0
DA:229,0
DA:232,0
DA:233,0
DA:235,0
DA:239,0
DA:240,0
DA:241,0
DA:242,0
DA:243,0
DA:246,0
DA:264,2
DA:270,4
DA:271,4
DA:272,1
DA:278,1
DA:279,2
DA:281,3
DA:282,1
DA:283,3
DA:284,1
DA:289,1
DA:290,0
DA:293,2
DA:294,2
DA:296,0
DA:300,1
DA:301,1
DA:302,1
DA:303,1
DA:304,1
DA:305,1
DA:306,1
DA:310,1
DA:314,1
DA:315,1
DA:316,1
DA:317,1
DA:318,1
DA:320,0
DA:345,4
DA:354,8
DA:355,8
DA:357,8
DA:358,12
DA:359,5
DA:362,8
DA:363,4
DA:365,4
DA:366,4
DA:367,12
DA:369,12
DA:370,8
DA:372,8
DA:374,12
DA:375,8
DA:379,4
DA:380,0
DA:383,4
DA:384,12
DA:386,4
DA:387,0
DA:391,8
DA:393,10
DA:394,3
DA:395,3
DA:396,6
DA:397,3
DA:398,3
DA:399,3
DA:401,3
DA:406,3
DA:412,8
DA:414,8
DA:415,8
DA:417,8
DA:419,4
DA:420,8
DA:422,8
DA:423,11
DA:425,4
DA:426,4
DA:427,4
DA:433,4
DA:434,8
DA:442,3
DA:445,6
DA:446,1
DA:449,10
DA:450,3
DA:452,3
DA:453,3
DA:458,3
DA:460,9
DA:461,3
DA:464,3
DA:466,6
DA:469,6
DA:472,3
DA:473,6
DA:475,6
DA:479,3
DA:480,0
DA:483,6
DA:484,3
DA:488,3
DA:489,0
DA:492,3
DA:496,11
DA:497,11
DA:498,3
DA:500,4
DA:501,7
DA:502,3
DA:508,3
DA:510,4
DA:512,3
DA:515,3
DA:518,12
DA:519,3
DA:520,6
DA:521,6
DA:522,6
DA:523,6
DA:541,4
DA:549,3
DA:552,4
DA:553,10
DA:554,4
DA:555,7
DA:556,3
DA:559,4
DA:564,0
DA:567,0
DA:568,0
DA:571,0
DA:572,0
DA:573,0
DA:574,0
DA:575,0
DA:578,0
DA:580,0
DA:581,0
DA:582,0
DA:583,0
DA:585,0
DA:587,0
DA:605,1
DA:612,2
DA:614,2
DA:615,0
DA:618,2
DA:619,1
DA:623,1
DA:625,1
DA:626,2
DA:627,1
DA:628,3
DA:630,1
DA:633,3
DA:634,4
DA:635,1
DA:636,2
DA:637,4
DA:638,1
DA:639,2
DA:640,1
DA:641,1
DA:642,2
DA:643,1
DA:647,3
DA:648,1
DA:649,2
DA:650,2
DA:651,1
DA:653,2
DA:657,3
DA:658,1
DA:659,1
DA:670,1
DA:675,2
DA:676,4
DA:677,2
DA:681,2
DA:682,2
DA:683,2
DA:685,2
DA:686,2
DA:687,2
DA:714,1
DA:724,2
DA:726,2
DA:730,3
DA:732,2
DA:734,3
DA:735,1
DA:736,3
DA:737,1
DA:747,2
DA:748,1
DA:749,1
DA:750,0
DA:751,0
DA:752,0
DA:754,0
DA:759,1
DA:760,2
DA:761,1
DA:764,1
DA:766,1
DA:767,2
DA:768,1
DA:769,2
DA:770,1
DA:771,1
DA:772,2
DA:779,1
DA:780,1
DA:781,1
DA:786,1
DA:790,2
DA:792,1
DA:794,3
DA:798,2
DA:799,1
DA:801,0
DA:802,0
DA:803,0
DA:805,0
DA:806,0
DA:812,1
DA:814,2
DA:815,1
DA:816,2
DA:817,2
DA:819,0
DA:822,13
DA:826,1
DA:828,1
DA:829,2
DA:830,2
DA:831,2
DA:832,2
DA:833,2
DA:834,2
DA:835,2
DA:836,2
DA:837,2
DA:838,2
DA:857,4
DA:865,7
DA:866,3
DA:867,2
DA:870,12
DA:872,3
DA:873,3
DA:874,6
DA:876,6
DA:878,3
DA:879,5
DA:880,13
DA:881,5
DA:882,3
DA:883,3
DA:884,3
DA:885,3
DA:894,5
DA:895,15
DA:896,5
DA:897,5
DA:898,5
DA:899,5
DA:900,5
DA:910,4
DA:912,4
DA:924,0
DA:929,0
DA:930,0
DA:931,0
DA:934,0
DA:935,0
DA:936,0
DA:968,3
DA:969,3
DA:970,8
DA:971,0
DA:972,0
DA:973,0
DA:974,0
DA:976,0
DA:977,0
DA:979,6
DA:980,2
DA:988,5
DA:989,5
DA:990,5
DA:998,1
DA:999,1
DA:1000,2
DA:1007,1
DA:1017,1
DA:1018,1
DA:1019,2
DA:1020,1
DA:1022,1
DA:1033,0
DA:1034,0
DA:1035,0
DA:1037,0
DA:1041,0
DA:1042,0
DA:1043,0
DA:1044,0
DA:1045,0
DA:1046,0
DA:1048,0
DA:1055,0
DA:1056,0
DA:1057,0
DA:1061,0
DA:1062,0
DA:1063,0
DA:1064,0
DA:1065,0
DA:1066,0
DA:1067,0
DA:1070,0
DA:1086,0
DA:1091,0
DA:1092,0
DA:1094,0
DA:1098,0
DA:1099,0
DA:1100,0
DA:1101,0
DA:1102,0
DA:1103,0
DA:1105,0
DA:1112,0
DA:1113,0
DA:1114,0
DA:1118,0
DA:1119,0
DA:1120,0
DA:1121,0
DA:1122,0
DA:1123,0
DA:1124,0
DA:1127,0
DA:1140,2
DA:1141,4
DA:1142,4
DA:1145,2
DA:1147,2
DA:1148,4
DA:1149,2
DA:1150,6
DA:1152,0
DA:1157,2
DA:1158,2
DA:1161,2
DA:1168,1
DA:1169,2
DA:1170,1
DA:1171,1
DA:1172,1
DA:1173,2
DA:1185,0
DA:1186,0
DA:1187,0
DA:1188,0
DA:1208,1
DA:1219,1
DA:1220,1
DA:1221,2
DA:1222,2
DA:1225,2
DA:1229,1
DA:1231,1
DA:1234,1
DA:1236,1
DA:1237,2
DA:1238,2
DA:1240,1
DA:1257,0
DA:1268,0
DA:1269,0
DA:1270,0
DA:1271,0
DA:1273,0
DA:1274,0
DA:1275,0
DA:1278,0
DA:1279,0
DA:1280,0
DA:1281,0
DA:1288,0
DA:1290,0
DA:1292,0
DA:1293,0
DA:1294,0
DA:1296,0
DA:1307,4
DA:1312,8
DA:1313,4
DA:1314,3
DA:1315,6
DA:1317,1
DA:1318,1
DA:1338,2
DA:1345,2
DA:1346,4
DA:1348,2
DA:1349,2
DA:1350,0
DA:1353,3
DA:1354,2
DA:1355,2
DA:1356,1
DA:1357,0
DA:1359,2
DA:1360,1
DA:1362,1
DA:1364,2
DA:1365,1
DA:1368,2
DA:1380,4
DA:1386,4
DA:1398,0
DA:1399,0
DA:1408,3
DA:1409,3
DA:1410,3
DA:1411,8
DA:1413,3
DA:1428,1
DA:1434,2
DA:1435,2
DA:1437,2
DA:1438,0
DA:1441,2
DA:1442,1
DA:1446,1
DA:1449,2
DA:1464,1
DA:1471,1
DA:1472,1
DA:1475,2
DA:1477,2
DA:1479,3
DA:1480,2
DA:1482,1
DA:1485,2
DA:1487,3
DA:1488,2
DA:1490,1
DA:1493,1
DA:1494,1
DA:1495,1
DA:1496,1
DA:1498,2
DA:1500,1
DA:1511,1
DA:1512,2
DA:1513,2
DA:1515,1
DA:1516,1
DA:1517,1
DA:1518,1
DA:1521,1
DA:1523,1
DA:1532,3
DA:1533,3
DA:1535,6
DA:1536,1
DA:1538,2
DA:1540,1
DA:1541,1
DA:1543,3
DA:1544,1
DA:1545,1
DA:1546,1
DA:1548,1
DA:1549,1
DA:1550,1
DA:1553,3
DA:1559,0
DA:1560,0
DA:1561,0
LF:549
LH:412
end_of_record
TN:
SF:contracts/pair_stable/src/error.rs
FN:72,from
FNF:1
FNDA:0,from
DA:72,0
DA:73,0
LF:2
LH:0
end_of_record
TN:
SF:contracts/pair_stable/src/math.rs
FN:24,calc_ask_amount
FN:51,calc_offer_amount
FN:81,compute_d
FN:120,calculate_step
FN:143,compute_new_balance
FN:178,checked_u8_power
FN:188,checked_u8_mul
FNF:7
FNDA:3,calc_ask_amount
FNDA:0,calc_offer_amount
FNDA:3,compute_d
FNDA:4,calculate_step
FNDA:3,compute_new_balance
FNDA:3,checked_u8_power
FNDA:3,checked_u8_mul
DA:24,3
DA:30,3
DA:31,3
DA:33,6
DA:35,3
DA:37,10
DA:38,5
DA:51,0
DA:57,0
DA:58,0
DA:60,0
DA:62,0
DA:64,0
DA:65,0
DA:81,3
DA:82,7
DA:84,8
DA:86,8
DA:87,4
DA:88,0
DA:91,4
DA:94,4
DA:95,4
DA:96,12
DA:97,4
DA:98,4
DA:99,16
DA:100,4
DA:101,4
DA:102,4
DA:104,8
DA:106,8
DA:110,8
DA:120,4
DA:121,4
DA:122,4
DA:124,8
DA:126,8
DA:128,4
DA:130,8
DA:132,4
DA:143,3
DA:145,3
DA:146,3
DA:147,3
DA:151,15
DA:152,4
DA:153,8
DA:156,12
DA:157,12
DA:158,4
DA:159,4
DA:164,4
DA:165,8
DA:166,4
DA:167,14
DA:168,9
DA:169,10
DA:173,10
DA:178,3
DA:179,3
DA:180,6
DA:181,3
DA:183,4
DA:188,3
DA:189,4
DA:190,8
DA:191,4
DA:193,4
LF:69
LH:61
end_of_record
TN:
SF:contracts/pair_stable/src/response.rs
FN:43,new
FN:50,get_contract_address
FN:53,clear_contract_address
FN:58,set_contract_address
FN:64,mut_contract_address
FN:69,take_contract_address
FN:76,get_data
FN:79,clear_data
FN:84,set_data
FN:90,mut_data
FN:95,take_data
FN:101,is_initialized
FN:105,merge_from
FN:125,compute_size
FN:138,write_to_with_cached_sizes
FN:149,get_cached_size
FN:153,get_unknown_fields
FN:157,mut_unknown_fields
FN:161,as_any
FN:164,as_any_mut
FN:167,into_any
FN:171,descriptor
FN:175,new
FN:179,descriptor_static
FN:181,{closure#0}
FN:185,{closure#0}
FN:186,{closure#1}
FN:190,{closure#2}
FN:191,{closure#3}
FN:201,default_instance
FN:208,clear
FN:216,fmt
FN:222,as_ref
FN:247,parse_descriptor_proto
FN:251,file_descriptor_proto
FN:252,{closure#0}
FNF:36
FNDA:6,new
FNDA:7,get_contract_address
FNDA:0,clear_contract_address
FNDA:0,set_contract_address
FNDA:0,mut_contract_address
FNDA:0,take_contract_address
FNDA:0,get_data
FNDA:0,clear_data
FNDA:0,set_data
FNDA:0,mut_data
FNDA:0,take_data
FNDA:7,is_initialized
FNDA:6,merge_from
FNDA:2,compute_size
FNDA:2,write_to_with_cached_sizes
FNDA:0,get_cached_size
FNDA:2,get_unknown_fields
FNDA:0,mut_unknown_fields
FNDA:0,as_any
FNDA:0,as_any_mut
FNDA:0,into_any
FNDA:0,descriptor
FNDA:6,new
FNDA:0,descriptor_static
FNDA:0,{closure#0}
FNDA:0,{closure#0}
FNDA:0,{closure#1}
FNDA:0,{closure#2}
FNDA:0,{closure#3}
FNDA:0,default_instance
FNDA:0,clear
FNDA:0,fmt
FNDA:0,as_ref
FNDA:0,parse_descriptor_proto
FNDA:0,file_descriptor_proto
FNDA:0,{closure#0}
DA:37,0
DA:38,0
DA:43,6
DA:44,6
DA:50,7
DA:51,5
DA:53,0
DA:54,0
DA:58,0
DA:59,0
DA:64,0
DA:69,0
DA:70,0
DA:76,0
DA:77,0
DA:79,0
DA:80,0
DA:84,0
DA:85,0
DA:90,0
DA:91,0
DA:95,0
DA:96,0
DA:101,7
DA:105,6
DA:106,6
DA:107,6
DA:108,6
DA:109,6
DA:110,12
DA:112,0
DA:113,0
DA:115,0
DA:116,0
DA:120,6
DA:125,2
DA:126,3
DA:127,4
DA:128,3
DA:130,5
DA:131,0
DA:133,5
DA:134,3
DA:138,2
DA:139,6
DA:140,2
DA:142,5
DA:143,0
DA:145,5
DA:146,2
DA:149,0
DA:150,0
DA:153,2
DA:154,3
DA:157,0
DA:158,0
DA:161,0
DA:164,0
DA:167,0
DA:171,0
DA:172,0
DA:175,6
DA:176,6
DA:179,0
DA:181,0
DA:182,0
DA:183,0
DA:185,0
DA:186,0
DA:188,0
DA:190,0
DA:191,0
DA:193,0
DA:195,0
DA:196,0
DA:201,0
DA:203,0
DA:208,0
DA:209,0
DA:210,0
DA:211,0
DA:216,0
DA:217,0
DA:222,0
DA:223,0
DA:247,0
DA:248,0
DA:251,0
DA:252,0
DA:253,0
LF:90
LH:29
end_of_record
TN:
SF:contracts/pair_stable/tests/integration.rs
FN:22,mock_app
FN:26,store_token_code
FN:36,store_pair_code
FN:49,store_factory_code
FN:62,instantiate_pair
FN:287,provide_liquidity_msg
FNF:6
FNDA:1,mock_app
FNDA:2,store_token_code
FNDA:1,store_pair_code
FNDA:1,store_factory_code
FNDA:1,instantiate_pair
FNDA:2,provide_liquidity_msg
DA:22,1
DA:23,1
DA:26,2
DA:27,5
DA:33,3
DA:36,1
DA:38,1
DA:46,1
DA:49,1
DA:51,1
DA:59,1
DA:62,1
DA:63,2
DA:65,2
DA:68,2
DA:77,2
DA:81,6
DA:84,2
DA:87,1
DA:88,1
DA:91,2
DA:93,4
DA:97,2
DA:106,2
DA:107,4
DA:110,6
DA:113,4
DA:116,2
DA:117,2
DA:121,6
DA:123,2
DA:125,4
DA:126,4
DA:128,2
DA:287,2
DA:293,2
DA:312,2
DA:313,2
DA:314,2
DA:315,2
DA:317,2
DA:318,2
DA:319,2
DA:323,2
LF:44
LH:44
end_of_record
TN:
SF:contracts/periphery/oracle/src/contract.rs
FN:35,instantiate
FN:87,execute
FN:106,update
FN:160,query
FN:175,consult
FN:219,migrate
FNF:6
FNDA:2,instantiate
FNDA:2,execute
FNDA:2,update
FNDA:3,query
FNDA:3,consult
FNDA:0,migrate
DA:35,2
DA:41,4
DA:42,4
DA:44,4
DA:46,4
DA:48,2
DA:49,4
DA:50,2
DA:54,2
DA:56,2
DA:57,2
DA:59,4
DA:60,4
DA:63,2
DA:64,2
DA:65,2
DA:66,2
DA:67,2
DA:69,2
DA:70,4
DA:87,2
DA:94,2
DA:106,2
DA:107,4
DA:108,4
DA:110,4
DA:111,4
DA:114,2
DA:115,1
DA:119,4
DA:120,8
DA:122,4
DA:128,4
DA:129,8
DA:131,4
DA:137,4
DA:138,4
DA:141,4
DA:143,4
DA:144,8
DA:160,3
DA:162,6
DA:175,3
DA:176,6
DA:177,6
DA:179,9
DA:180,3
DA:181,6
DA:182,3
DA:184,0
DA:187,9
DA:189,0
DA:190,0
DA:192,0
DA:193,0
DA:194,0
DA:195,0
DA:196,0
DA:203,0
DA:205,6
DA:206,3
DA:219,0
DA:220,0
LF:63
LH:52
end_of_record
TN:
SF:contracts/periphery/oracle/src/querier.rs
FN:14,query_pair_info
FN:31,query_cumulative_prices
FN:49,query_prices
FNF:3
FNDA:2,query_pair_info
FNDA:2,query_cumulative_prices
FNDA:0,query_prices
DA:14,2
DA:19,4
DA:20,2
DA:21,4
DA:31,2
DA:35,2
DA:36,2
DA:37,4
DA:49,0
DA:54,0
DA:55,0
DA:56,0
LF:12
LH:8
end_of_record
TN:
SF:contracts/periphery/oracle/tests/integration.rs
FN:17,mock_app
FN:21,instantiate_contracts
FN:131,instantiate_token
FN:165,mint_some_token
FN:184,allowance_token
FN:214,check_balance
FN:230,create_pair
FN:343,create_pair_stable
FN:456,change_provide_liquidity
FN:524,next_day
FNF:10
FNDA:2,mock_app
FNDA:2,instantiate_contracts
FNDA:4,instantiate_token
FNDA:4,mint_some_token
FNDA:4,allowance_token
FNDA:2,check_balance
FNDA:3,create_pair
FNDA:1,create_pair_stable
FNDA:2,change_provide_liquidity
FNDA:3,next_day
DA:17,2
DA:18,1
DA:21,2
DA:22,5
DA:28,4
DA:31,2
DA:32,4
DA:34,2
DA:35,4
DA:42,7
DA:45,6
DA:48,2
DA:49,4
DA:54,8
DA:62,4
DA:65,4
DA:73,4
DA:76,4
DA:84,4
DA:86,8
DA:106,8
DA:107,4
DA:111,8
DA:114,8
DA:117,4
DA:118,4
DA:122,8
DA:127,4
DA:128,4
DA:131,4
DA:132,8
DA:138,4
DA:142,4
DA:144,4
DA:145,4
DA:152,4
DA:154,4
DA:155,4
DA:158,4
DA:159,4
DA:165,4
DA:173,4
DA:176,8
DA:177,12
DA:179,8
DA:180,4
DA:181,4
DA:184,4
DA:192,4
DA:196,8
DA:197,12
DA:199,4
DA:200,8
DA:201,4
DA:203,4
DA:204,4
DA:205,4
DA:207,4
DA:208,4
DA:209,4
DA:211,4
DA:214,2
DA:216,3
DA:219,9
DA:221,3
DA:222,6
DA:225,3
DA:227,3
DA:230,3
DA:237,9
DA:238,3
DA:239,3
DA:241,3
DA:242,6
DA:243,6
DA:244,3
DA:245,3
DA:253,3
DA:256,9
DA:258,3
DA:259,3
DA:260,3
DA:261,3
DA:262,3
DA:263,3
DA:269,3
DA:270,3
DA:271,3
DA:272,3
DA:274,6
DA:276,3
DA:277,3
DA:283,9
DA:285,3
DA:286,3
DA:287,6
DA:288,3
DA:294,3
DA:296,9
DA:297,3
DA:298,3
DA:300,3
DA:301,6
DA:302,6
DA:303,6
DA:304,3
DA:307,0
DA:308,0
DA:309,0
DA:310,0
DA:317,3
DA:319,0
DA:320,0
DA:321,0
DA:326,9
DA:328,3
DA:329,6
DA:330,3
DA:331,3
DA:332,3
DA:333,3
DA:334,3
DA:336,3
DA:340,3
DA:343,1
DA:350,3
DA:351,1
DA:352,1
DA:354,1
DA:355,2
DA:356,2
DA:357,1
DA:358,1
DA:366,1
DA:369,3
DA:371,1
DA:372,1
DA:373,1
DA:374,1
DA:375,1
DA:376,2
DA:382,1
DA:383,1
DA:384,1
DA:385,1
DA:387,2
DA:389,1
DA:390,1
DA:396,3
DA:398,1
DA:399,1
DA:400,2
DA:401,1
DA:407,1
DA:409,3
DA:410,1
DA:411,1
DA:413,1
DA:414,2
DA:415,2
DA:416,2
DA:417,1
DA:420,0
DA:421,0
DA:422,0
DA:423,0
DA:430,1
DA:432,0
DA:433,0
DA:434,0
DA:439,3
DA:441,1
DA:442,2
DA:443,1
DA:444,1
DA:445,1
DA:446,1
DA:447,1
DA:449,1
DA:453,1
DA:456,2
DA:467,2
DA:468,4
DA:469,4
DA:470,2
DA:474,2
DA:475,4
DA:476,4
DA:477,2
DA:480,4
DA:481,6
DA:483,3
DA:484,6
DA:485,6
DA:486,3
DA:490,3
DA:491,6
DA:492,6
DA:493,3
DA:496,8
DA:498,3
DA:499,3
DA:500,3
DA:501,3
DA:502,3
DA:503,3
DA:504,3
DA:508,3
DA:509,3
DA:510,3
DA:515,6
DA:516,3
DA:517,3
DA:519,6
DA:524,3
DA:525,3
DA:526,3
LF:217
LH:203
end_of_record
TN:
SF:contracts/router/src/contract.rs
FN:38,instantiate
FN:86,execute
FN:142,receive_cw20
FN:194,execute_swap_operations
FN:278,assert_minimum_receive
FN:315,query
FN:333,query_config
FN:351,migrate
FN:365,simulate_swap_operations
FN:449,assert_operations
FNF:10
FNDA:4,instantiate
FNDA:2,execute
FNDA:2,receive_cw20
FNDA:2,execute_swap_operations
FNDA:1,assert_minimum_receive
FNDA:2,query
FNDA:1,query_config
FNDA:0,migrate
FNDA:1,simulate_swap_operations
FNDA:2,assert_operations
DA:38,4
DA:44,6
DA:46,6
DA:47,3
DA:48,5
DA:49,6
DA:53,2
DA:86,2
DA:92,2
DA:93,4
DA:94,2
DA:100,1
DA:101,2
DA:102,1
DA:103,2
DA:104,1
DA:106,2
DA:109,2
DA:115,1
DA:121,1
DA:122,1
DA:125,2
DA:142,2
DA:148,4
DA:149,4
DA:150,2
DA:156,3
DA:157,2
DA:159,1
DA:163,2
DA:164,2
DA:165,2
DA:166,2
DA:167,2
DA:169,2
DA:194,2
DA:204,5
DA:205,3
DA:206,1
DA:209,3
DA:210,1
DA:214,4
DA:216,3
DA:217,2
DA:219,2
DA:222,4
DA:224,2
DA:225,4
DA:227,6
DA:228,2
DA:229,2
DA:230,2
DA:231,2
DA:232,4
DA:233,2
DA:234,6
DA:235,4
DA:237,2
DA:239,2
DA:240,4
DA:247,4
DA:248,2
DA:249,1
DA:250,1
DA:251,1
DA:252,2
DA:253,1
DA:256,1
DA:261,4
DA:278,1
DA:285,2
DA:286,2
DA:287,2
DA:289,2
DA:290,1
DA:291,1
DA:292,1
DA:296,2
DA:315,2
DA:316,2
DA:317,3
DA:318,3
DA:322,1
DA:324,1
DA:333,1
DA:334,1
DA:336,1
DA:339,1
DA:351,0
DA:352,0
DA:365,1
DA:370,2
DA:371,1
DA:373,2
DA:374,1
DA:375,0
DA:378,1
DA:379,0
DA:382,2
DA:384,1
DA:385,3
DA:386,1
DA:387,1
DA:392,1
DA:393,1
DA:394,2
DA:398,1
DA:400,1
DA:404,3
DA:407,3
DA:409,1
DA:410,2
DA:411,1
DA:412,1
DA:413,1
DA:419,1
DA:421,1
DA:422,1
DA:425,3
DA:427,2
DA:430,1
DA:433,0
DA:438,1
DA:439,1
DA:449,2
DA:450,2
DA:451,6
DA:452,6
DA:453,4
DA:458,1
DA:461,5
DA:462,6
DA:464,5
DA:465,2
DA:468,4
DA:469,1
DA:472,3
LF:137
LH:132
end_of_record
TN:
SF:contracts/router/src/error.rs
FN:28,from
FNF:1
FNDA:0,from
DA:28,0
DA:29,0
LF:2
LH:0
end_of_record
TN:
SF:contracts/router/src/operations.rs
FN:29,execute_swap_operation
FN:98,asset_into_swap_msg
FNF:2
FNDA:2,execute_swap_operation
FNDA:2,asset_into_swap_msg
DA:29,2
DA:38,4
DA:39,0
DA:42,2
DA:43,2
DA:47,4
DA:48,2
DA:50,2
DA:51,2
DA:52,4
DA:55,2
DA:56,0
DA:57,0
DA:59,2
DA:60,4
DA:68,6
DA:69,2
DA:70,2
DA:71,2
DA:73,2
DA:77,0
DA:80,4
DA:98,2
DA:107,2
DA:109,4
DA:110,0
DA:112,0
DA:114,0
DA:115,0
DA:116,0
DA:117,0
DA:118,0
DA:119,0
DA:123,0
DA:125,0
DA:129,4
DA:130,2
DA:131,2
DA:132,4
DA:133,2
DA:134,2
DA:135,4
DA:136,2
DA:138,2
LF:44
LH:30
end_of_record
TN:
SF:contracts/router/tests/factory_helper.rs
FN:16,init
FN:115,create_pair
FN:141,create_pair_with_addr
FN:171,instantiate_token
FN:201,mint
FNF:5
FNDA:1,init
FNDA:1,create_pair
FNDA:1,create_pair_with_addr
FNDA:1,instantiate_token
FNDA:1,mint
DA:16,1
DA:17,2
DA:23,1
DA:26,1
DA:27,1
DA:29,1
DA:30,1
DA:37,2
DA:40,2
DA:43,1
DA:44,1
DA:49,2
DA:57,1
DA:60,1
DA:68,1
DA:71,2
DA:92,1
DA:96,2
DA:99,2
DA:102,1
DA:103,1
DA:108,1
DA:115,1
DA:123,2
DA:124,1
DA:125,1
DA:127,1
DA:128,1
DA:138,2
DA:141,1
DA:149,1
DA:151,1
DA:152,1
DA:153,1
DA:155,1
DA:156,1
DA:160,4
DA:161,1
DA:162,1
DA:163,1
DA:167,1
DA:171,1
DA:179,1
DA:180,1
DA:181,1
DA:182,1
DA:183,1
DA:190,1
DA:192,1
DA:196,1
DA:201,1
DA:208,1
DA:209,1
DA:210,1
DA:211,1
DA:212,1
DA:213,1
LF:57
LH:57
end_of_record
TN:
SF:contracts/router/tests/router_integration.rs
FN:11,router_contract
FNF:1
FNDA:1,router_contract
DA:11,1
DA:12,1
LF:2
LH:2
end_of_record
TN:
SF:contracts/token/src/contract.rs
FN:23,verify_xml_preamble
FN:28,{closure#0}
FN:46,verify_xml_logo
FN:57,verify_png_logo
FN:75,verify_logo
FN:95,instantiate
FN:170,execute
FN:188,query
FN:201,migrate
FNF:9
FNDA:0,verify_xml_preamble
FNDA:0,{closure#0}
FNDA:0,verify_xml_logo
FNDA:0,verify_png_logo
FNDA:0,verify_logo
FNDA:15,instantiate
FNDA:13,execute
FNDA:19,query
FNDA:0,migrate
DA:23,0
DA:27,0
DA:28,0
DA:30,0
DA:35,0
DA:36,0
DA:38,0
DA:46,0
DA:47,0
DA:49,0
DA:50,0
DA:52,0
DA:57,0
DA:65,0
DA:66,0
DA:67,0
DA:68,0
DA:70,0
DA:75,0
DA:76,0
DA:77,0
DA:78,0
DA:79,0
DA:95,15
DA:101,30
DA:103,35
DA:105,38
DA:107,40
DA:108,12
DA:109,0
DA:113,15
DA:114,40
DA:115,40
DA:116,16
DA:118,1
DA:123,17
DA:124,23
DA:125,16
DA:129,40
DA:131,23
DA:132,0
DA:133,0
DA:134,0
DA:136,0
DA:137,0
DA:138,0
DA:141,0
DA:145,0
DA:146,0
DA:147,0
DA:153,0
DA:156,39
DA:170,13
DA:176,14
DA:188,19
DA:189,13
DA:201,0
DA:202,0
LF:58
LH:21
end_of_record
TN:
SF:contracts/tokenomics/generator/src/contract.rs
FN:63,instantiate
FN:173,execute
FN:190,{closure#0}
FN:289,{closure#1}
FN:295,{closure#2}
FN:298,{closure#3}
FN:299,{closure#0}
FN:306,{closure#4}
FN:321,checkpoint_user_boost
FN:391,deactivate_pools
FN:403,{closure#0}
FN:425,{closure#1}
FN:446,update_blocked_tokens_list
FN:472,{closure#0}
FN:473,{closure#1}
FN:484,{closure#2}
FN:533,execute_update_config
FN:590,execute_setup_pools
FN:601,{closure#0}
FN:644,{closure#1}
FN:658,{closure#2}
FN:668,{closure#3}
FN:689,execute_update_pool
FN:728,update_rewards_and_execute
FN:734,{closure#0}
FN:789,get_proxy_rewards
FN:825,reply
FN:831,{closure#0}
FN:833,{closure#1}
FN:835,{closure#2}
FN:854,process_after_update
FN:892,deactivate_pool
FN:919,set_tokens_per_block
FN:925,{closure#0}
FN:946,mass_update_pools
FN:972,claim_rewards
FN:1048,accumulate_rewards_per_share
FN:1104,receive_cw20
FN:1158,send_pending_rewards
FN:1236,deposit
FN:1318,withdraw
FN:1401,build_claim_pools_asset_reward_messages
FN:1459,emergency_withdraw
FN:1481,{closure#0}
FN:1533,send_orphan_proxy_rewards
FN:1559,{closure#0}
FN:1560,{closure#1}
FN:1612,init_proxy_rewards_holder
FN:1634,migrate_proxy
FN:1672,migrate_proxy_callback
FN:1739,{closure#0}
FN:1762,migrate_proxy_deposit_lp
FN:1794,move_to_proxy
FN:1890,query
FN:1942,query_blocked_tokens_list
FN:1951,pool_length
FN:1960,total_virtual_supply
FN:1970,active_pool_length
FN:1985,query_deposit
FN:2003,query_virtual_amount
FN:2029,pending_token
FN:2055,{closure#0}
FN:2106,query_config
FN:2133,query_reward_info
FN:2162,query_orphan_proxy_rewards
FN:2174,{closure#0}
FN:2194,query_pool_info
FN:2247,{closure#0}
FN:2277,query_simulate_future_reward
FN:2289,{closure#0}
FN:2295,{closure#1}
FN:2315,query_list_of_stakers
FN:2327,{closure#0}
FN:2334,{closure#1}
FN:2337,{closure#0}
FN:2341,{closure#1}
FN:2360,calculate_rewards
FN:2386,get_alloc_point
FN:2389,{closure#0}
FN:2406,create_pool
FN:2457,migrate
FNF:81
FNDA:3,instantiate
FNDA:1,execute
FNDA:4,{closure#0}
FNDA:2,{closure#1}
FNDA:0,{closure#2}
FNDA:4,{closure#3}
FNDA:3,{closure#0}
FNDA:2,{closure#4}
FNDA:1,checkpoint_user_boost
FNDA:1,deactivate_pools
FNDA:4,{closure#0}
FNDA:3,{closure#1}
FNDA:1,update_blocked_tokens_list
FNDA:3,{closure#0}
FNDA:2,{closure#1}
FNDA:4,{closure#2}
FNDA:1,execute_update_config
FNDA:5,execute_setup_pools
FNDA:14,{closure#0}
FNDA:2,{closure#1}
FNDA:10,{closure#2}
FNDA:18,{closure#3}
FNDA:0,execute_update_pool
FNDA:1,update_rewards_and_execute
FNDA:4,{closure#0}
FNDA:1,get_proxy_rewards
FNDA:3,reply
FNDA:0,{closure#0}
FNDA:1,{closure#1}
FNDA:0,{closure#2}
FNDA:1,process_after_update
FNDA:1,deactivate_pool
FNDA:1,set_tokens_per_block
FNDA:2,{closure#0}
FNDA:7,mass_update_pools
FNDA:0,claim_rewards
FNDA:5,accumulate_rewards_per_share
FNDA:1,receive_cw20
FNDA:6,send_pending_rewards
FNDA:4,deposit
FNDA:1,withdraw
FNDA:6,build_claim_pools_asset_reward_messages
FNDA:1,emergency_withdraw
FNDA:4,{closure#0}
FNDA:1,send_orphan_proxy_rewards
FNDA:2,{closure#0}
FNDA:5,{closure#1}
FNDA:1,init_proxy_rewards_holder
FNDA:0,migrate_proxy
FNDA:0,migrate_proxy_callback
FNDA:0,{closure#0}
FNDA:0,migrate_proxy_deposit_lp
FNDA:1,move_to_proxy
FNDA:2,query
FNDA:0,query_blocked_tokens_list
FNDA:0,pool_length
FNDA:0,total_virtual_supply
FNDA:0,active_pool_length
FNDA:0,query_deposit
FNDA:1,query_virtual_amount
FNDA:1,pending_token
FNDA:3,{closure#0}
FNDA:2,query_config
FNDA:0,query_reward_info
FNDA:1,query_orphan_proxy_rewards
FNDA:4,{closure#0}
FNDA:1,query_pool_info
FNDA:0,{closure#0}
FNDA:0,query_simulate_future_reward
FNDA:0,{closure#0}
FNDA:0,{closure#1}
FNDA:1,query_list_of_stakers
FNDA:3,{closure#0}
FNDA:4,{closure#1}
FNDA:4,{closure#0}
FNDA:4,{closure#1}
FNDA:1,calculate_rewards
FNDA:1,get_alloc_point
FNDA:5,{closure#0}
FNDA:1,create_pool
FNDA:0,migrate
DA:63,3
DA:69,4
DA:71,4
DA:74,4
DA:75,4
DA:78,1
DA:79,3
DA:80,1
DA:81,3
DA:82,1
DA:83,3
DA:84,1
DA:89,3
DA:90,1
DA:91,4
DA:94,3
DA:95,0
DA:98,2
DA:99,2
DA:102,4
DA:103,4
DA:105,4
DA:108,4
DA:173,1
DA:179,1
DA:180,1
DA:181,2
DA:183,2
DA:184,1
DA:185,2
DA:186,2
DA:187,0
DA:189,2
DA:190,4
DA:192,2
DA:193,1
DA:195,1
DA:196,2
DA:198,1
DA:199,2
DA:201,0
DA:205,1
DA:212,1
DA:213,1
DA:214,1
DA:215,1
DA:216,1
DA:217,1
DA:220,2
DA:221,0
DA:225,0
DA:226,0
DA:227,0
DA:228,0
DA:232,0
DA:233,0
DA:234,0
DA:235,0
DA:236,0
DA:237,0
DA:241,1
DA:242,2
DA:243,1
DA:245,2
DA:248,1
DA:249,1
DA:250,2
DA:251,1
DA:252,1
DA:253,1
DA:254,1
DA:258,3
DA:259,1
DA:263,2
DA:264,1
DA:265,2
DA:266,2
DA:267,0
DA:271,1
DA:272,1
DA:273,1
DA:274,1
DA:277,1
DA:278,2
DA:281,1
DA:282,1
DA:283,1
DA:284,1
DA:286,1
DA:289,2
DA:292,0
DA:294,0
DA:295,0
DA:298,4
DA:299,3
DA:300,2
DA:301,1
DA:304,1
DA:306,2
DA:321,1
DA:328,2
DA:329,2
DA:330,2
DA:332,0
DA:335,1
DA:336,1
DA:337,0
DA:340,2
DA:341,1
DA:344,1
DA:345,3
DA:346,2
DA:349,3
DA:350,1
DA:353,2
DA:354,2
DA:356,1
DA:357,1
DA:365,1
DA:366,1
DA:370,1
DA:379,2
DA:380,2
DA:384,2
DA:386,1
DA:391,1
DA:396,2
DA:399,1
DA:400,5
DA:403,4
DA:405,0
DA:410,2
DA:411,1
DA:416,3
DA:417,2
DA:418,1
DA:425,3
DA:426,2
DA:429,3
DA:430,1
DA:431,1
DA:432,3
DA:434,1
DA:436,2
DA:441,2
DA:442,2
DA:446,1
DA:453,2
DA:454,1
DA:459,2
DA:462,3
DA:463,1
DA:467,2
DA:468,3
DA:469,4
DA:472,3
DA:473,2
DA:474,1
DA:478,2
DA:483,3
DA:484,4
DA:485,2
DA:487,3
DA:489,2
DA:490,1
DA:493,2
DA:494,1
DA:497,1
DA:498,1
DA:499,3
DA:501,1
DA:503,2
DA:510,2
DA:511,2
DA:533,1
DA:542,2
DA:545,2
DA:546,1
DA:549,2
DA:550,2
DA:553,2
DA:554,1
DA:555,1
DA:556,1
DA:560,1
DA:561,0
DA:564,1
DA:565,0
DA:568,1
DA:569,0
DA:572,1
DA:574,3
DA:590,5
DA:596,6
DA:597,7
DA:598,0
DA:601,14
DA:602,7
DA:603,0
DA:606,1
DA:608,12
DA:609,1
DA:613,14
DA:614,7
DA:615,7
DA:618,14
DA:619,7
DA:620,1
DA:628,1
DA:629,1
DA:636,22
DA:639,1
DA:640,1
DA:641,7
DA:644,2
DA:645,2
DA:651,1
DA:654,2
DA:656,7
DA:658,10
DA:660,8
DA:662,9
DA:663,15
DA:664,1
DA:668,18
DA:669,1
DA:671,8
DA:673,9
DA:689,0
DA:695,0
DA:697,0
DA:698,0
DA:699,0
DA:702,0
DA:704,0
DA:706,0
DA:708,0
DA:710,0
DA:711,0
DA:728,1
DA:734,4
DA:735,3
DA:736,0
DA:738,1
DA:742,1
DA:743,1
DA:744,1
DA:745,8
DA:746,8
DA:749,2
DA:751,2
DA:752,0
DA:757,1
DA:758,6
DA:759,8
DA:760,1
DA:761,1
DA:769,2
DA:770,1
DA:771,2
DA:773,1
DA:789,1
DA:795,1
DA:797,0
DA:799,1
DA:800,2
DA:802,1
DA:803,2
DA:805,3
DA:806,3
DA:807,1
DA:808,1
DA:809,2
DA:812,1
DA:825,3
DA:826,1
DA:828,7
DA:831,0
DA:833,1
DA:834,5
DA:835,0
DA:836,0
DA:838,5
DA:839,5
DA:841,5
DA:843,2
DA:854,1
DA:855,2
DA:856,1
DA:857,2
DA:858,1
DA:859,0
DA:860,0
DA:862,4
DA:867,1
DA:872,1
DA:873,2
DA:875,0
DA:879,0
DA:886,0
DA:892,1
DA:893,2
DA:896,2
DA:897,1
DA:900,3
DA:901,1
DA:902,1
DA:907,2
DA:909,2
DA:919,1
DA:924,2
DA:925,2
DA:927,2
DA:929,1
DA:930,2
DA:932,2
DA:946,7
DA:952,3
DA:953,2
DA:954,4
DA:955,4
DA:958,7
DA:972,0
DA:978,0
DA:980,0
DA:982,0
DA:984,0
DA:985,0
DA:986,0
DA:987,0
DA:989,0
DA:990,0
DA:998,0
DA:1003,0
DA:1004,0
DA:1006,0
DA:1009,0
DA:1010,0
DA:1014,0
DA:1023,0
DA:1024,0
DA:1027,0
DA:1029,0
DA:1048,5
DA:1055,5
DA:1056,2
DA:1059,3
DA:1060,1
DA:1063,2
DA:1066,1
DA:1067,1
DA:1068,0
DA:1069,1
DA:1074,5
DA:1076,12
DA:1077,4
DA:1078,1
DA:1080,2
DA:1082,2
DA:1083,2
DA:1086,4
DA:1089,5
DA:1104,1
DA:1110,1
DA:1111,1
DA:1112,2
DA:1114,2
DA:1115,2
DA:1117,1
DA:1119,2
DA:1122,2
DA:1124,1
DA:1125,1
DA:1126,2
DA:1127,1
DA:1128,1
DA:1129,1
DA:1134,0
DA:1135,0
DA:1136,0
DA:1137,0
DA:1138,0
DA:1139,0
DA:1158,6
DA:1165,6
DA:1166,6
DA:1169,1
DA:1171,2
DA:1172,1
DA:1174,3
DA:1175,1
DA:1176,1
DA:1177,2
DA:1178,2
DA:1179,1
DA:1181,1
DA:1185,2
DA:1187,2
DA:1188,3
DA:1189,2
DA:1190,1
DA:1191,2
DA:1192,1
DA:1193,1
DA:1194,1
DA:1195,2
DA:1196,1
DA:1197,1
DA:1203,0
DA:1204,0
DA:1205,0
DA:1206,0
DA:1207,0
DA:1208,0
DA:1209,0
DA:1210,0
DA:1212,0
DA:1220,1
DA:1236,4
DA:1243,13
DA:1244,4
DA:1247,10
DA:1248,10
DA:1250,10
DA:1253,12
DA:1256,13
DA:1257,3
DA:1258,1
DA:1259,2
DA:1260,2
DA:1261,2
DA:1262,1
DA:1264,1
DA:1267,12
DA:1271,6
DA:1276,6
DA:1277,6
DA:1281,12
DA:1282,12
DA:1285,6
DA:1294,8
DA:1295,8
DA:1297,35
DA:1298,1
DA:1299,1
DA:1300,1
DA:1302,1
DA:1318,1
DA:1325,3
DA:1326,1
DA:1328,4
DA:1329,1
DA:1332,2
DA:1333,2
DA:1335,2
DA:1338,2
DA:1341,1
DA:1343,2
DA:1344,1
DA:1345,3
DA:1351,2
DA:1352,2
DA:1356,1
DA:1359,1
DA:1361,2
DA:1362,1
DA:1367,1
DA:1368,1
DA:1372,2
DA:1373,6
DA:1376,3
DA:1385,6
DA:1387,9
DA:1388,1
DA:1390,6
DA:1393,12
DA:1394,4
DA:1396,4
DA:1401,6
DA:1410,12
DA:1411,0
DA:1412,0
DA:1414,0
DA:1416,0
DA:1417,0
DA:1418,0
DA:1419,0
DA:1420,0
DA:1424,0
DA:1426,0
DA:1441,0
DA:1443,6
DA:1459,1
DA:1465,2
DA:1467,2
DA:1468,5
DA:1472,3
DA:1473,3
DA:1477,4
DA:1481,4
DA:1482,1
DA:1486,1
DA:1487,2
DA:1489,0
DA:1490,0
DA:1492,1
DA:1493,1
DA:1494,2
DA:1495,1
DA:1496,1
DA:1498,1
DA:1501,1
DA:1502,1
DA:1503,2
DA:1504,1
DA:1505,1
DA:1507,1
DA:1512,1
DA:1513,1
DA:1515,3
DA:1516,1
DA:1518,1
DA:1533,1
DA:1539,2
DA:1541,2
DA:1542,0
DA:1545,2
DA:1546,2
DA:1548,2
DA:1550,2
DA:1551,1
DA:1554,2
DA:1555,3
DA:1559,2
DA:1560,5
DA:1561,1
DA:1562,2
DA:1563,1
DA:1564,1
DA:1565,1
DA:1566,2
DA:1567,1
DA:1568,1
DA:1573,0
DA:1574,0
DA:1575,0
DA:1576,0
DA:1577,0
DA:1578,0
DA:1579,0
DA:1580,0
DA:1582,0
DA:1588,1
DA:1593,2
DA:1595,1
DA:1597,5
DA:1598,1
DA:1600,2
DA:1601,2
DA:1612,1
DA:1618,1
DA:1619,3
DA:1621,1
DA:1622,3
DA:1623,4
DA:1624,4
DA:1631,3
DA:1634,0
DA:1641,0
DA:1642,0
DA:1644,0
DA:1647,0
DA:1648,0
DA:1652,0
DA:1653,0
DA:1654,0
DA:1655,0
DA:1658,0
DA:1662,0
DA:1663,0
DA:1664,0
DA:1665,0
DA:1666,0
DA:1667,0
DA:1672,0
DA:1678,0
DA:1679,0
DA:1680,0
DA:1683,0
DA:1685,0
DA:1687,0
DA:1690,0
DA:1692,0
DA:1694,0
DA:1695,0
DA:1697,0
DA:1699,0
DA:1701,0
DA:1703,0
DA:1705,0
DA:1708,0
DA:1710,0
DA:1711,0
DA:1712,0
DA:1713,0
DA:1714,0
DA:1715,0
DA:1716,0
DA:1717,0
DA:1719,0
DA:1721,0
DA:1725,0
DA:1728,0
DA:1729,0
DA:1730,0
DA:1731,0
DA:1732,0
DA:1734,0
DA:1739,0
DA:1740,0
DA:1741,0
DA:1743,0
DA:1744,0
DA:1745,0
DA:1746,0
DA:1750,0
DA:1753,0
DA:1754,0
DA:1755,0
DA:1756,0
DA:1757,0
DA:1762,0
DA:1768,0
DA:1770,0
DA:1774,0
DA:1775,0
DA:1780,0
DA:1783,0
DA:1784,0
DA:1785,0
DA:1786,0
DA:1787,0
DA:1794,1
DA:1801,2
DA:1802,2
DA:1804,2
DA:1807,2
DA:1808,0
DA:1811,2
DA:1812,0
DA:1814,0
DA:1816,0
DA:1819,2
DA:1820,2
DA:1821,1
DA:1824,2
DA:1825,2
DA:1827,1
DA:1828,2
DA:1830,1
DA:1831,1
DA:1833,3
DA:1834,1
DA:1835,1
DA:1836,1
DA:1840,1
DA:1841,0
DA:1842,0
DA:1843,0
DA:1844,0
DA:1845,0
DA:1846,0
DA:1848,0
DA:1851,2
DA:1854,2
DA:1856,4
DA:1857,2
DA:1858,2
DA:1890,2
DA:1891,2
DA:1892,0
DA:1893,0
DA:1895,0
DA:1896,0
DA:1897,1
DA:1898,3
DA:1900,0
DA:1901,0
DA:1903,1
DA:1904,7
DA:1906,4
DA:1907,0
DA:1908,1
DA:1909,3
DA:1911,2
DA:1912,0
DA:1916,0
DA:1917,0
DA:1918,0
DA:1921,1
DA:1926,1
DA:1927,1
DA:1928,1
DA:1931,0
DA:1932,0
DA:1933,0
DA:1934,0
DA:1935,0
DA:1942,0
DA:1943,0
DA:1944,0
DA:1951,0
DA:1952,0
DA:1953,0
DA:1955,0
DA:1960,0
DA:1961,0
DA:1962,0
DA:1964,0
DA:1970,0
DA:1971,0
DA:1972,0
DA:1973,0
DA:1985,0
DA:1986,0
DA:1987,0
DA:1989,0
DA:1990,0
DA:1992,0
DA:2003,1
DA:2008,2
DA:2009,2
DA:2011,2
DA:2012,1
DA:2014,1
DA:2029,1
DA:2035,4
DA:2037,4
DA:2038,4
DA:2040,4
DA:2041,4
DA:2042,3
DA:2045,1
DA:2047,3
DA:2048,3
DA:2050,1
DA:2052,3
DA:2053,2
DA:2055,3
DA:2057,2
DA:2058,2
DA:2060,2
DA:2061,3
DA:2062,2
DA:2064,1
DA:2065,1
DA:2068,2
DA:2069,1
DA:2070,1
DA:2071,1
DA:2076,2
DA:2080,2
DA:2082,2
DA:2083,7
DA:2084,1
DA:2086,1
DA:2087,4
DA:2088,1
DA:2092,4
DA:2093,2
DA:2095,2
DA:2097,2
DA:2106,2
DA:2107,2
DA:2109,2
DA:2110,2
DA:2111,2
DA:2112,2
DA:2113,2
DA:2114,2
DA:2115,2
DA:2116,2
DA:2117,2
DA:2118,2
DA:2119,2
DA:2120,2
DA:2121,2
DA:2122,2
DA:2133,0
DA:2134,0
DA:2136,0
DA:2138,0
DA:2140,0
DA:2141,0
DA:2142,0
DA:2144,0
DA:2145,0
DA:2147,0
DA:2150,0
DA:2151,0
DA:2152,0
DA:2162,1
DA:2166,2
DA:2168,2
DA:2169,3
DA:2170,2
DA:2174,4
DA:2175,1
DA:2176,1
DA:2179,1
DA:2181,0
DA:2194,1
DA:2199,2
DA:2201,2
DA:2202,2
DA:2205,1
DA:2206,2
DA:2209,1
DA:2210,1
DA:2211,1
DA:2213,0
DA:2216,2
DA:2217,0
DA:2219,0
DA:2221,0
DA:2222,0
DA:2226,1
DA:2227,3
DA:2228,1
DA:2229,2
DA:2230,1
DA:2235,2
DA:2238,1
DA:2239,0
DA:2243,5
DA:2245,1
DA:2246,1
DA:2247,0
DA:2249,1
DA:2250,1
DA:2252,1
DA:2253,1
DA:2254,1
DA:2255,1
DA:2256,1
DA:2257,2
DA:2261,1
DA:2262,2
DA:2263,1
DA:2264,1
DA:2277,0
DA:2283,0
DA:2285,0
DA:2286,0
DA:2287,0
DA:2288,0
DA:2289,0
DA:2291,0
DA:2292,0
DA:2293,0
DA:2294,0
DA:2295,0
DA:2297,0
DA:2315,1
DA:2321,2
DA:2322,1
DA:2324,2
DA:2325,1
DA:2326,2
DA:2327,3
DA:2329,2
DA:2331,3
DA:2333,1
DA:2334,4
DA:2335,2
DA:2337,4
DA:2338,2
DA:2339,2
DA:2341,4
DA:2344,1
DA:2347,1
DA:2360,1
DA:2366,1
DA:2368,3
DA:2369,5
DA:2370,1
DA:2371,1
DA:2372,1
DA:2374,0
DA:2377,1
DA:2386,1
DA:2387,2
DA:2389,5
DA:2390,1
DA:2391,1
DA:2393,1
DA:2406,1
DA:2413,1
DA:2415,1
DA:2416,3
DA:2417,2
DA:2418,1
DA:2422,2
DA:2423,2
DA:2424,1
DA:2427,0
DA:2430,9
DA:2431,8
DA:2433,8
DA:2434,1
DA:2435,8
DA:2436,1
DA:2437,8
DA:2438,1
DA:2440,8
DA:2441,1
DA:2445,1
DA:2457,0
DA:2458,0
DA:2460,0
DA:2461,0
DA:2462,0
DA:2463,0
DA:2465,0
DA:2466,0
DA:2468,0
DA:2470,0
DA:2473,0
DA:2475,0
DA:2477,0
DA:2478,0
DA:2481,0
DA:2482,0
DA:2484,0
DA:2487,0
DA:2489,0
LF:936
LH:650
end_of_record
TN:
SF:contracts/tokenomics/generator/src/error.rs
FN:54,from
FNF:1
FNDA:0,from
DA:54,0
DA:55,0
LF:2
LH:0
end_of_record
TN:
SF:contracts/tokenomics/generator/src/migration.rs
FN:78,migrate_configs_from_v200
FN:102,migrate_configs_from_v210
FNF:2
FNDA:0,migrate_configs_from_v200
FNDA:0,migrate_configs_from_v210
DA:78,0
DA:79,0
DA:82,0
DA:83,0
DA:84,0
DA:85,0
DA:86,0
DA:87,0
DA:88,0
DA:89,0
DA:90,0
DA:91,0
DA:92,0
DA:93,0
DA:94,0
DA:97,0
DA:98,0
DA:102,0
DA:103,0
DA:105,0
DA:106,0
DA:107,0
DA:108,0
DA:109,0
DA:110,0
DA:111,0
DA:112,0
DA:113,0
DA:114,0
DA:115,0
DA:116,0
DA:117,0
DA:120,0
LF:33
LH:0
end_of_record
TN:
SF:contracts/tokenomics/generator/src/response.rs
FN:43,new
FN:50,get_contract_address
FN:53,clear_contract_address
FN:58,set_contract_address
FN:64,mut_contract_address
FN:69,take_contract_address
FN:76,get_data
FN:79,clear_data
FN:84,set_data
FN:90,mut_data
FN:95,take_data
FN:101,is_initialized
FN:105,merge_from
FN:125,compute_size
FN:138,write_to_with_cached_sizes
FN:149,get_cached_size
FN:153,get_unknown_fields
FN:157,mut_unknown_fields
FN:161,as_any
FN:164,as_any_mut
FN:167,into_any
FN:171,descriptor
FN:175,new
FN:179,descriptor_static
FN:185,{closure#0}
FN:186,{closure#1}
FN:190,{closure#2}
FN:191,{closure#3}
FN:201,default_instance
FN:208,clear
FN:216,fmt
FN:222,as_ref
FN:247,parse_descriptor_proto
FN:251,file_descriptor_proto
FNF:34
FNDA:4,new
FNDA:0,get_contract_address
FNDA:0,clear_contract_address
FNDA:0,set_contract_address
FNDA:0,mut_contract_address
FNDA:0,take_contract_address
FNDA:0,get_data
FNDA:0,clear_data
FNDA:0,set_data
FNDA:0,mut_data
FNDA:0,take_data
FNDA:4,is_initialized
FNDA:4,merge_from
FNDA:0,compute_size
FNDA:0,write_to_with_cached_sizes
FNDA:0,get_cached_size
FNDA:0,get_unknown_fields
FNDA:0,mut_unknown_fields
FNDA:0,as_any
FNDA:0,as_any_mut
FNDA:0,into_any
FNDA:0,descriptor
FNDA:4,new
FNDA:0,descriptor_static
FNDA:0,{closure#0}
FNDA:0,{closure#1}
FNDA:0,{closure#2}
FNDA:0,{closure#3}
FNDA:0,default_instance
FNDA:0,clear
FNDA:0,fmt
FNDA:0,as_ref
FNDA:0,parse_descriptor_proto
FNDA:0,file_descriptor_proto
DA:37,0
DA:38,0
DA:43,4
DA:44,1
DA:50,0
DA:51,0
DA:53,0
DA:54,0
DA:58,0
DA:59,0
DA:64,0
DA:69,0
DA:70,0
DA:76,0
DA:77,0
DA:79,0
DA:80,0
DA:84,0
DA:85,0
DA:90,0
DA:91,0
DA:95,0
DA:96,0
DA:101,4
DA:105,4
DA:106,1
DA:107,4
DA:108,1
DA:109,4
DA:110,5
DA:112,0
DA:113,0
DA:115,0
DA:116,0
DA:120,1
DA:125,0
DA:126,0
DA:127,0
DA:128,0
DA:130,0
DA:131,0
DA:133,0
DA:134,0
DA:138,0
DA:139,0
DA:140,0
DA:142,0
DA:143,0
DA:145,0
DA:146,0
DA:149,0
DA:150,0
DA:153,0
DA:154,0
DA:157,0
DA:158,0
DA:161,0
DA:164,0
DA:167,0
DA:171,0
DA:172,0
DA:175,4
DA:176,1
DA:179,0
DA:181,0
DA:182,0
DA:183,0
DA:185,0
DA:186,0
DA:188,0
DA:190,0
DA:191,0
DA:193,0
DA:195,0
DA:196,0
DA:201,0
DA:203,0
DA:208,0
DA:209,0
DA:210,0
DA:211,0
DA:216,0
DA:217,0
DA:222,0
DA:223,0
DA:247,0
DA:248,0
DA:251,0
DA:252,0
DA:253,0
LF:90
LH:12
end_of_record
TN:
SF:contracts/tokenomics/generator/src/state.rs
FN:117,compatible_load
FN:173,update_user_balance
FN:185,{closure#0}
FN:197,accumulate_pool_proxy_rewards
FN:211,{closure#0}
FN:227,update_proxy_asset
FN:251,update_virtual_amount
FNF:7
FNDA:5,compatible_load
FNDA:6,update_user_balance
FNDA:9,{closure#0}
FNDA:1,accumulate_pool_proxy_rewards
FNDA:4,{closure#0}
FNDA:1,update_proxy_asset
FNDA:1,update_virtual_amount
DA:117,5
DA:118,15
DA:119,15
DA:120,0
DA:121,0
DA:122,0
DA:127,0
DA:128,0
DA:129,0
DA:133,0
DA:135,0
DA:136,0
DA:138,0
DA:139,0
DA:141,0
DA:142,0
DA:144,0
DA:145,0
DA:148,0
DA:173,6
DA:178,6
DA:179,6
DA:181,24
DA:185,9
DA:186,1
DA:187,2
DA:189,0
DA:190,0
DA:192,6
DA:197,1
DA:201,2
DA:206,1
DA:208,3
DA:211,4
DA:212,1
DA:213,2
DA:214,1
DA:217,1
DA:221,2
DA:227,1
DA:228,2
DA:229,1
DA:231,0
DA:233,2
DA:235,2
DA:238,1
DA:251,1
DA:260,6
DA:261,6
DA:263,7
DA:264,2
DA:265,2
DA:268,5
DA:270,6
DA:271,2
DA:272,0
DA:274,17
DA:276,5
DA:277,5
DA:280,6
DA:282,6
DA:284,6
DA:285,1
DA:287,5
DA:291,6
DA:292,1
DA:295,15
DA:297,1
DA:298,0
DA:300,7
DA:302,1
LF:71
LH:50
end_of_record
TN:
SF:contracts/tokenomics/generator/tests/integration.rs
FN:2860,mock_app
FN:2864,store_token_code
FN:2874,store_factory_code
FN:2887,store_pair_code_id
FN:2900,store_pair_stable_code_id
FN:2913,instantiate_token
FN:2932,instantiate_factory
FN:2977,instantiate_generator
FN:3082,instantiate_valkyrie_protocol
FN:3130,store_proxy_code
FN:3140,instantiate_proxy
FN:3168,register_lp_tokens_in_generator
FN:3199,mint_tokens
FN:3209,deposit_lp_tokens_to_generator
FN:3227,check_token_balance
FN:3235,check_emission_balance
FN:3251,check_pending_rewards
FN:3272,{closure#0}
FN:3278,create_pair
FN:3310,store_whitelist_code
FNF:20
FNDA:8,mock_app
FNDA:6,store_token_code
FNDA:5,store_factory_code
FNDA:1,store_pair_code_id
FNDA:1,store_pair_stable_code_id
FNDA:2,instantiate_token
FNDA:2,instantiate_factory
FNDA:1,instantiate_generator
FNDA:1,instantiate_valkyrie_protocol
FNDA:1,store_proxy_code
FNDA:1,instantiate_proxy
FNDA:4,register_lp_tokens_in_generator
FNDA:1,mint_tokens
FNDA:3,deposit_lp_tokens_to_generator
FNDA:1,check_token_balance
FNDA:1,check_emission_balance
FNDA:3,check_pending_rewards
FNDA:2,{closure#0}
FNDA:1,create_pair
FNDA:1,store_whitelist_code
DA:2860,8
DA:2861,1
DA:2864,6
DA:2865,9
DA:2871,2
DA:2874,5
DA:2876,3
DA:2884,6
DA:2887,1
DA:2889,7
DA:2897,2
DA:2900,1
DA:2902,1
DA:2910,1
DA:2913,2
DA:2914,2
DA:2917,2
DA:2918,7
DA:2920,1
DA:2921,7
DA:2928,8
DA:2932,2
DA:2940,4
DA:2951,2
DA:2955,3
DA:2956,2
DA:2958,1
DA:2966,2
DA:2968,2
DA:2972,2
DA:2977,1
DA:2984,4
DA:2989,3
DA:2990,4
DA:2993,1
DA:2994,4
DA:2997,4
DA:3000,3
DA:3004,1
DA:3009,3
DA:3010,1
DA:3011,3
DA:3018,1
DA:3026,4
DA:3027,3
DA:3030,1
DA:3031,3
DA:3033,4
DA:3034,1
DA:3035,3
DA:3036,1
DA:3042,4
DA:3045,1
DA:3049,3
DA:3054,1
DA:3056,4
DA:3059,3
DA:3060,4
DA:3076,1
DA:3079,3
DA:3082,1
DA:3089,2
DA:3095,1
DA:3098,1
DA:3099,1
DA:3100,1
DA:3101,1
DA:3102,2
DA:3116,1
DA:3119,1
DA:3123,1
DA:3130,1
DA:3131,2
DA:3137,1
DA:3140,1
DA:3150,1
DA:3151,1
DA:3152,1
DA:3153,1
DA:3154,1
DA:3157,2
DA:3159,1
DA:3160,1
DA:3162,1
DA:3163,1
DA:3168,4
DA:3173,10
DA:3175,11
DA:3176,1
DA:3177,4
DA:3178,1
DA:3183,3
DA:3184,7
DA:3185,0
DA:3186,0
DA:3187,0
DA:3188,0
DA:3189,0
DA:3190,0
DA:3199,1
DA:3201,3
DA:3202,1
DA:3205,3
DA:3209,3
DA:3215,6
DA:3217,3
DA:3218,6
DA:3219,6
DA:3222,6
DA:3227,1
DA:3229,6
DA:3231,7
DA:3232,1
DA:3235,1
DA:3243,1
DA:3244,1
DA:3247,2
DA:3248,1
DA:3251,3
DA:3259,1
DA:3260,3
DA:3263,7
DA:3265,1
DA:3268,4
DA:3269,4
DA:3270,1
DA:3272,2
DA:3275,4
DA:3278,1
DA:3285,13
DA:3286,1
DA:3287,6
DA:3288,6
DA:3289,8
DA:3290,6
DA:3291,1
DA:3297,13
DA:3301,1
DA:3302,6
DA:3307,1
DA:3310,1
DA:3311,4
DA:3317,3
LF:143
LH:137
end_of_record
TN:
SF:contracts/tokenomics/maker/src/contract.rs
FN:45,instantiate
FN:143,execute
FN:194,{closure#0}
FN:195,{closure#0}
FN:243,collect
FN:257,{closure#0}
FN:267,{closure#1}
FN:309,swap_assets
FN:362,swap
FN:429,swap_no_validate
FN:468,swap_bridge_assets
FN:492,{closure#0}
FN:524,distribute_astro
FN:551,distribute
FN:675,update_config
FN:758,update_bridges
FN:824,query
FN:836,query_get_config
FN:860,query_get_balances
FN:881,query_bridges
FN:884,{closure#0}
FN:900,migrate
FNF:22
FNDA:4,instantiate
FNDA:2,execute
FNDA:4,{closure#0}
FNDA:3,{closure#0}
FNDA:1,collect
FNDA:4,{closure#0}
FNDA:3,{closure#1}
FNDA:1,swap_assets
FNDA:2,swap
FNDA:1,swap_no_validate
FNDA:2,swap_bridge_assets
FNDA:3,{closure#0}
FNDA:1,distribute_astro
FNDA:1,distribute
FNDA:1,update_config
FNDA:1,update_bridges
FNDA:2,query
FNDA:2,query_get_config
FNDA:1,query_get_balances
FNDA:1,query_bridges
FNDA:2,{closure#0}
FNDA:0,migrate
DA:45,4
DA:51,10
DA:52,10
DA:54,15
DA:55,10
DA:56,0
DA:58,5
DA:60,0
DA:63,11
DA:64,6
DA:65,0
DA:68,3
DA:70,6
DA:73,11
DA:75,16
DA:76,8
DA:80,10
DA:81,4
DA:82,6
DA:83,10
DA:84,10
DA:88,4
DA:89,6
DA:95,10
DA:96,0
DA:97,0
DA:101,10
DA:103,10
DA:143,2
DA:149,2
DA:150,2
DA:151,1
DA:159,1
DA:160,1
DA:161,1
DA:162,1
DA:163,1
DA:165,1
DA:168,2
DA:169,2
DA:170,2
DA:172,3
DA:173,1
DA:174,2
DA:177,1
DA:178,1
DA:179,1
DA:180,1
DA:182,1
DA:188,0
DA:190,0
DA:194,4
DA:195,3
DA:196,2
DA:197,1
DA:200,1
DA:204,1
DA:205,2
DA:208,3
DA:209,1
DA:213,1
DA:214,1
DA:217,1
DA:218,2
DA:223,1
DA:224,1
DA:225,1
DA:226,1
DA:228,2
DA:243,1
DA:248,2
DA:250,1
DA:253,1
DA:254,5
DA:257,4
DA:259,1
DA:264,1
DA:265,1
DA:267,3
DA:272,3
DA:273,1
DA:274,3
DA:275,1
DA:276,1
DA:279,3
DA:280,1
DA:281,1
DA:286,3
DA:309,1
DA:316,1
DA:317,1
DA:319,5
DA:321,4
DA:322,3
DA:323,3
DA:324,1
DA:328,5
DA:329,4
DA:330,3
DA:332,4
DA:335,1
DA:336,1
DA:337,2
DA:339,1
DA:340,1
DA:341,1
DA:347,1
DA:362,2
DA:369,4
DA:370,2
DA:372,1
DA:373,1
DA:376,1
DA:381,1
DA:382,1
DA:387,1
DA:388,1
DA:389,1
DA:394,1
DA:395,2
DA:396,1
DA:398,1
DA:399,0
DA:400,0
DA:401,0
DA:408,1
DA:410,1
DA:411,1
DA:414,1
DA:429,1
DA:435,2
DA:438,3
DA:439,1
DA:440,2
DA:441,1
DA:445,2
DA:446,2
DA:447,2
DA:450,0
DA:468,2
DA:475,3
DA:476,0
DA:479,3
DA:480,0
DA:484,1
DA:485,0
DA:488,3
DA:490,3
DA:492,3
DA:493,1
DA:494,2
DA:498,3
DA:502,3
DA:503,0
DA:508,6
DA:509,5
DA:524,1
DA:525,3
DA:526,0
DA:529,3
DA:530,3
DA:531,2
DA:532,1
DA:535,3
DA:536,1
DA:537,1
DA:551,1
DA:556,2
DA:557,1
DA:559,5
DA:561,1
DA:562,3
DA:563,0
DA:565,2
DA:566,3
DA:568,1
DA:569,1
DA:570,1
DA:571,1
DA:572,1
DA:573,3
DA:574,1
DA:575,1
DA:576,1
DA:578,1
DA:579,3
DA:581,2
DA:583,2
DA:584,2
DA:585,1
DA:589,1
DA:590,1
DA:593,2
DA:595,2
DA:598,1
DA:599,1
DA:600,2
DA:603,3
DA:604,2
DA:606,1
DA:607,1
DA:608,2
DA:609,1
DA:610,2
DA:611,1
DA:612,1
DA:613,1
DA:615,1
DA:617,0
DA:620,0
DA:623,2
DA:625,1
DA:627,0
DA:630,3
DA:632,1
DA:633,2
DA:635,2
DA:636,1
DA:640,1
DA:641,1
DA:642,1
DA:644,1
DA:645,1
DA:647,1
DA:651,1
DA:675,1
DA:685,3
DA:687,2
DA:690,2
DA:691,1
DA:694,2
DA:695,2
DA:696,1
DA:699,2
DA:700,2
DA:701,1
DA:704,3
DA:705,1
DA:706,1
DA:707,2
DA:708,1
DA:711,1
DA:716,2
DA:717,2
DA:718,0
DA:721,1
DA:722,2
DA:725,1
DA:726,0
DA:727,0
DA:730,2
DA:731,2
DA:732,0
DA:735,1
DA:736,2
DA:739,2
DA:741,2
DA:758,1
DA:764,2
DA:767,2
DA:768,1
DA:772,2
DA:773,3
DA:774,1
DA:775,1
DA:776,3
DA:782,1
DA:783,1
DA:784,4
DA:785,2
DA:786,0
DA:791,1
DA:792,1
DA:799,1
DA:803,2
DA:824,2
DA:825,2
DA:826,4
DA:827,2
DA:828,3
DA:836,2
DA:837,2
DA:838,2
DA:839,2
DA:840,2
DA:841,2
DA:842,2
DA:843,2
DA:844,2
DA:845,2
DA:846,2
DA:847,2
DA:848,2
DA:860,1
DA:861,2
DA:863,3
DA:865,2
DA:866,2
DA:867,1
DA:868,1
DA:869,1
DA:874,1
DA:881,1
DA:882,1
DA:883,1
DA:884,2
DA:885,1
DA:886,1
DA:900,0
DA:901,0
DA:903,0
DA:904,0
DA:905,0
DA:906,0
DA:908,0
DA:911,0
DA:913,0
DA:915,0
LF:318
LH:283
end_of_record
TN:
SF:contracts/tokenomics/maker/src/error.rs
FN:47,from
FN:53,from
FNF:2
FNDA:0,from
FNDA:0,from
DA:47,0
DA:48,0
DA:53,0
DA:54,0
LF:4
LH:0
end_of_record
TN:
SF:contracts/tokenomics/maker/src/migration.rs
FN:10,migrate_to_v110
FNF:1
FNDA:0,migrate_to_v110
DA:10,0
DA:26,0
DA:28,0
DA:29,0
DA:33,0
DA:34,0
DA:35,0
DA:36,0
DA:37,0
DA:38,0
DA:39,0
DA:40,0
DA:41,0
DA:42,0
DA:43,0
DA:44,0
DA:45,0
DA:48,0
LF:18
LH:0
end_of_record
TN:
SF:contracts/tokenomics/maker/src/utils.rs
FN:31,try_build_swap_msg
FN:56,build_swap_msg
FN:110,build_distribute_msg
FN:153,validate_bridge
FN:200,get_pool
FNF:5
FNDA:1,try_build_swap_msg
FNDA:1,build_swap_msg
FNDA:1,build_distribute_msg
FNDA:1,validate_bridge
FNDA:1,get_pool
DA:31,1
DA:38,2
DA:39,2
DA:40,1
DA:56,1
DA:63,4
DA:65,2
DA:69,4
DA:70,2
DA:72,2
DA:73,2
DA:74,4
DA:75,2
DA:76,2
DA:77,2
DA:78,2
DA:80,4
DA:83,1
DA:84,1
DA:85,2
DA:86,1
DA:88,2
DA:89,1
DA:90,1
DA:91,1
DA:94,1
DA:110,1
DA:115,4
DA:117,1
DA:118,1
DA:119,2
DA:120,1
DA:123,1
DA:127,2
DA:128,2
DA:129,3
DA:130,1
DA:134,1
DA:153,1
DA:162,2
DA:165,1
DA:166,2
DA:167,1
DA:168,1
DA:172,3
DA:173,1
DA:174,4
DA:177,1
DA:182,1
DA:186,1
DA:200,1
DA:208,1
DA:209,2
DA:211,3
LF:54
LH:54
end_of_record
TN:
SF:contracts/tokenomics/maker/tests/integration.rs
FN:18,mock_app
FN:33,validate_and_send_funds
FN:45,instantiate_contracts
FN:210,instantiate_token
FN:244,mint_some_token
FN:257,allowance_token
FN:281,check_balance
FN:297,create_pair
FN:377,{closure#1}
FN:509,test_maker_collect
FN:1536,check
FNF:11
FNDA:3,mock_app
FNDA:1,validate_and_send_funds
FNDA:3,instantiate_contracts
FNDA:1,instantiate_token
FNDA:1,mint_some_token
FNDA:2,allowance_token
FNDA:1,check_balance
FNDA:1,create_pair
FNDA:2,{closure#1}
FNDA:1,test_maker_collect
FNDA:1,check
DA:18,3
DA:19,8
DA:21,2
DA:24,7
DA:25,2
DA:26,3
DA:27,8
DA:33,1
DA:35,3
DA:37,2
DA:38,2
DA:39,1
DA:45,3
DA:53,6
DA:59,3
DA:62,3
DA:63,3
DA:65,3
DA:66,3
DA:73,6
DA:76,7
DA:79,2
DA:80,4
DA:84,4
DA:87,0
DA:94,0
DA:98,7
DA:105,3
DA:110,7
DA:118,4
DA:120,3
DA:130,4
DA:131,7
DA:135,7
DA:138,7
DA:141,3
DA:142,4
DA:146,7
DA:152,3
DA:155,4
DA:156,3
DA:157,4
DA:162,3
DA:165,3
DA:169,4
DA:173,7
DA:179,4
DA:182,3
DA:183,4
DA:184,7
DA:185,7
DA:186,3
DA:187,4
DA:188,7
DA:191,7
DA:194,3
DA:197,4
DA:198,3
DA:203,4
DA:204,3
DA:205,4
DA:206,3
DA:210,1
DA:211,4
DA:217,3
DA:221,1
DA:223,3
DA:224,1
DA:231,3
DA:233,3
DA:234,1
DA:237,3
DA:238,1
DA:244,1
DA:246,2
DA:249,3
DA:250,5
DA:252,4
DA:253,2
DA:254,2
DA:257,2
DA:259,2
DA:263,4
DA:264,6
DA:266,2
DA:267,4
DA:268,2
DA:270,2
DA:271,2
DA:272,2
DA:274,2
DA:275,2
DA:276,2
DA:278,2
DA:281,1
DA:283,1
DA:286,3
DA:288,1
DA:289,2
DA:292,1
DA:294,1
DA:297,1
DA:305,5
DA:306,2
DA:307,1
DA:309,2
DA:310,3
DA:311,3
DA:312,1
DA:313,2
DA:321,1
DA:324,5
DA:326,1
DA:327,1
DA:328,1
DA:329,1
DA:330,1
DA:331,2
DA:337,3
DA:340,9
DA:342,3
DA:343,3
DA:344,6
DA:345,3
DA:351,3
DA:353,8
DA:354,3
DA:355,1
DA:357,1
DA:358,3
DA:359,4
DA:360,4
DA:361,2
DA:364,3
DA:365,5
DA:366,2
DA:367,3
DA:373,3
DA:375,1
DA:377,2
DA:378,1
DA:379,2
DA:383,1
DA:385,7
DA:387,1
DA:388,2
DA:389,3
DA:390,4
DA:391,3
DA:392,3
DA:393,3
DA:395,3
DA:399,3
DA:509,1
DA:525,1
DA:528,3
DA:531,2
DA:532,1
DA:534,1
DA:535,1
DA:540,2
DA:542,1
DA:543,1
DA:544,1
DA:545,1
DA:546,1
DA:553,1
DA:555,1
DA:556,1
DA:563,2
DA:564,1
DA:567,2
DA:568,2
DA:569,2
DA:570,1
DA:576,2
DA:577,1
DA:578,1
DA:582,1
DA:584,3
DA:586,1
DA:587,1
DA:588,2
DA:589,4
DA:595,1
DA:596,3
DA:599,3
DA:602,1
DA:605,2
DA:607,1
DA:608,1
DA:609,1
DA:614,2
DA:615,1
DA:620,2
DA:621,2
DA:622,1
DA:626,2
DA:627,1
DA:629,1
DA:633,1
DA:634,1
DA:638,2
DA:1536,1
DA:1537,1
DA:1538,1
DA:1539,1
DA:1540,1
DA:1541,1
DA:1542,1
DA:1546,1
DA:1547,1
DA:1548,1
DA:1553,1
DA:1554,1
DA:1555,1
DA:1560,1
DA:1561,1
DA:1562,1
LF:219
LH:217
end_of_record
TN:
SF:contracts/tokenomics/staking/src/contract.rs
FN:47,instantiate
FN:107,execute
FN:127,reply
FN:160,receive_cw20
FN:239,get_total_shares
FN:255,get_total_deposit
FN:281,query
FN:302,migrate
FNF:8
FNDA:2,instantiate
FNDA:2,execute
FNDA:2,reply
FNDA:2,receive_cw20
FNDA:2,get_total_shares
FNDA:2,get_total_deposit
FNDA:3,query
FNDA:0,migrate
DA:47,2
DA:53,5
DA:56,4
DA:57,2
DA:58,2
DA:59,4
DA:60,3
DA:65,8
DA:66,2
DA:67,2
DA:68,2
DA:69,4
DA:70,2
DA:71,3
DA:73,2
DA:74,3
DA:75,2
DA:76,2
DA:78,2
DA:80,3
DA:81,2
DA:85,2
DA:89,2
DA:107,2
DA:114,2
DA:127,2
DA:128,5
DA:130,7
DA:131,0
DA:134,4
DA:135,2
DA:137,0
DA:141,5
DA:143,3
DA:145,5
DA:160,2
DA:166,5
DA:168,2
DA:169,3
DA:171,8
DA:172,5
DA:174,5
DA:176,4
DA:177,1
DA:181,2
DA:182,4
DA:183,2
DA:185,8
DA:186,2
DA:187,2
DA:188,0
DA:191,8
DA:192,3
DA:193,5
DA:194,2
DA:195,3
DA:197,2
DA:200,2
DA:203,1
DA:204,1
DA:207,4
DA:208,1
DA:209,1
DA:210,0
DA:213,3
DA:214,2
DA:215,1
DA:216,2
DA:217,1
DA:219,1
DA:220,1
DA:221,2
DA:222,1
DA:225,1
DA:228,1
DA:239,2
DA:240,8
DA:242,2
DA:244,3
DA:255,2
DA:256,8
DA:258,3
DA:259,2
DA:262,2
DA:281,3
DA:282,5
DA:283,2
DA:284,5
DA:285,3
DA:286,2
DA:288,3
DA:289,3
DA:302,0
DA:303,0
DA:305,0
DA:306,0
DA:307,0
DA:308,0
DA:310,0
DA:313,0
DA:315,0
DA:317,0
LF:102
LH:88
end_of_record
TN:
SF:contracts/tokenomics/staking/src/error.rs
FN:19,from
FNF:1
FNDA:0,from
DA:19,0
DA:20,0
LF:2
LH:0
end_of_record
TN:
SF:contracts/tokenomics/staking/src/response.rs
FN:43,new
FN:50,get_contract_address
FN:53,clear_contract_address
FN:58,set_contract_address
FN:64,mut_contract_address
FN:69,take_contract_address
FN:76,get_data
FN:79,clear_data
FN:84,set_data
FN:90,mut_data
FN:95,take_data
FN:101,is_initialized
FN:105,merge_from
FN:125,compute_size
FN:138,write_to_with_cached_sizes
FN:149,get_cached_size
FN:153,get_unknown_fields
FN:157,mut_unknown_fields
FN:161,as_any
FN:164,as_any_mut
FN:167,into_any
FN:171,descriptor
FN:175,new
FN:179,descriptor_static
FN:181,{closure#0}
FN:185,{closure#0}
FN:186,{closure#1}
FN:190,{closure#2}
FN:191,{closure#3}
FN:201,default_instance
FN:208,clear
FN:216,fmt
FN:222,as_ref
FN:247,parse_descriptor_proto
FN:251,file_descriptor_proto
FN:252,{closure#0}
FNF:36
FNDA:2,new
FNDA:2,get_contract_address
FNDA:0,clear_contract_address
FNDA:0,set_contract_address
FNDA:0,mut_contract_address
FNDA:0,take_contract_address
FNDA:0,get_data
FNDA:0,clear_data
FNDA:0,set_data
FNDA:0,mut_data
FNDA:0,take_data
FNDA:2,is_initialized
FNDA:3,merge_from
FNDA:0,compute_size
FNDA:0,write_to_with_cached_sizes
FNDA:0,get_cached_size
FNDA:0,get_unknown_fields
FNDA:0,mut_unknown_fields
FNDA:0,as_any
FNDA:0,as_any_mut
FNDA:0,into_any
FNDA:0,descriptor
FNDA:3,new
FNDA:0,descriptor_static
FNDA:0,{closure#0}
FNDA:0,{closure#0}
FNDA:0,{closure#1}
FNDA:0,{closure#2}
FNDA:0,{closure#3}
FNDA:0,default_instance
FNDA:0,clear
FNDA:0,fmt
FNDA:0,as_ref
FNDA:0,parse_descriptor_proto
FNDA:0,file_descriptor_proto
FNDA:0,{closure#0}
DA:37,0
DA:38,0
DA:43,2
DA:44,2
DA:50,2
DA:51,3
DA:53,0
DA:54,0
DA:58,0
DA:59,0
DA:64,0
DA:69,0
DA:70,0
DA:76,0
DA:77,0
DA:79,0
DA:80,0
DA:84,0
DA:85,0
DA:90,0
DA:91,0
DA:95,0
DA:96,0
DA:101,2
DA:105,3
DA:106,2
DA:107,2
DA:108,2
DA:109,2
DA:110,5
DA:112,0
DA:113,0
DA:115,0
DA:116,0
DA:120,3
DA:125,0
DA:126,0
DA:127,0
DA:128,0
DA:130,0
DA:131,0
DA:133,0
DA:134,0
DA:138,0
DA:139,0
DA:140,0
DA:142,0
DA:143,0
DA:145,0
DA:146,0
DA:149,0
DA:150,0
DA:153,0
DA:154,0
DA:157,0
DA:158,0
DA:161,0
DA:164,0
DA:167,0
DA:171,0
DA:172,0
DA:175,3
DA:176,2
DA:179,0
DA:181,0
DA:182,0
DA:183,0
DA:185,0
DA:186,0
DA:188,0
DA:190,0
DA:191,0
DA:193,0
DA:195,0
DA:196,0
DA:201,0
DA:203,0
DA:208,0
DA:209,0
DA:210,0
DA:211,0
DA:216,0
DA:217,0
DA:222,0
DA:223,0
DA:247,0
DA:248,0
DA:251,0
DA:252,0
DA:253,0
LF:90
LH:14
end_of_record
TN:
SF:contracts/tokenomics/staking/tests/integration.rs
FN:12,mock_app
FN:16,instantiate_contracts
FN:99,mint_some_astro
FNF:3
FNDA:1,mock_app
FNDA:2,instantiate_contracts
FNDA:2,mint_some_astro
DA:12,1
DA:13,2
DA:16,2
DA:17,4
DA:23,3
DA:26,1
DA:27,1
DA:29,2
DA:30,1
DA:37,3
DA:40,2
DA:43,2
DA:44,1
DA:49,2
DA:57,1
DA:60,2
DA:62,1
DA:65,2
DA:68,1
DA:71,1
DA:72,2
DA:76,2
DA:77,6
DA:79,2
DA:80,1
DA:81,3
DA:86,1
DA:87,2
DA:88,1
DA:90,2
DA:93,1
DA:94,2
DA:95,1
DA:99,2
DA:101,1
DA:102,2
DA:104,2
DA:105,5
DA:107,3
DA:108,2
DA:109,1
DA:110,1
DA:111,2
LF:43
LH:43
end_of_record
TN:
SF:contracts/tokenomics/vesting/src/contract.rs
FN:39,instantiate
FN:77,execute
FN:109,{closure#0}
FN:115,{closure#1}
FN:118,{closure#2}
FN:119,{closure#0}
FN:126,{closure#3}
FN:143,receive_cw20
FN:178,register_vesting_accounts
FN:234,assert_vesting_schedules
FN:263,claim
FN:292,{closure#0}
FN:318,compute_available_amount
FN:367,query
FN:395,query_config
FN:407,query_timestamp
FN:418,query_vesting_account
FN:439,query_vesting_accounts
FN:446,{closure#0}
FN:453,{closure#1}
FN:470,query_vesting_available_amount
FN:487,migrate
FNF:22
FNDA:3,instantiate
FNDA:3,execute
FNDA:0,{closure#0}
FNDA:0,{closure#1}
FNDA:0,{closure#2}
FNDA:0,{closure#0}
FNDA:0,{closure#3}
FNDA:6,receive_cw20
FNDA:6,register_vesting_accounts
FNDA:6,assert_vesting_schedules
FNDA:2,claim
FNDA:14,{closure#0}
FNDA:4,compute_available_amount
FNDA:2,query
FNDA:2,query_config
FNDA:0,query_timestamp
FNDA:3,query_vesting_account
FNDA:0,query_vesting_accounts
FNDA:0,{closure#0}
FNDA:0,{closure#1}
FNDA:3,query_vesting_available_amount
FNDA:0,migrate
DA:39,3
DA:45,8
DA:47,8
DA:49,9
DA:50,5
DA:51,5
DA:52,9
DA:53,5
DA:57,5
DA:77,3
DA:83,3
DA:84,8
DA:85,6
DA:86,2
DA:87,4
DA:89,2
DA:90,4
DA:91,3
DA:92,3
DA:94,1
DA:97,0
DA:98,0
DA:101,0
DA:102,0
DA:103,0
DA:104,0
DA:106,0
DA:109,0
DA:112,0
DA:114,0
DA:115,0
DA:118,0
DA:119,0
DA:120,0
DA:121,0
DA:124,0
DA:126,0
DA:143,6
DA:149,9
DA:152,12
DA:153,2
DA:156,7
DA:157,5
DA:158,2
DA:178,6
DA:184,3
DA:186,9
DA:188,14
DA:189,8
DA:190,2
DA:192,10
DA:194,17
DA:195,6
DA:196,3
DA:198,1
DA:200,7
DA:203,10
DA:204,1
DA:205,1
DA:208,9
DA:209,7
DA:211,2
DA:212,2
DA:213,7
DA:218,2
DA:219,1
DA:222,13
DA:224,2
DA:234,6
DA:238,9
DA:239,2
DA:240,3
DA:242,1
DA:247,7
DA:263,2
DA:270,4
DA:272,8
DA:274,8
DA:276,8
DA:278,10
DA:279,6
DA:280,0
DA:282,3
DA:284,1
DA:287,14
DA:288,18
DA:289,4
DA:290,4
DA:291,6
DA:292,14
DA:295,4
DA:297,8
DA:298,8
DA:301,10
DA:302,4
DA:303,4
DA:304,4
DA:305,4
DA:318,4
DA:319,6
DA:320,10
DA:321,4
DA:325,6
DA:327,7
DA:328,1
DA:329,4
DA:330,4
DA:331,2
DA:332,3
DA:335,3
DA:340,16
DA:341,4
DA:367,2
DA:368,2
DA:369,6
DA:370,3
DA:371,5
DA:373,0
DA:378,0
DA:379,0
DA:383,6
DA:384,1
DA:386,0
DA:395,2
DA:396,2
DA:398,2
DA:399,2
DA:402,2
DA:407,0
DA:408,0
DA:418,3
DA:419,4
DA:420,4
DA:422,1
DA:424,3
DA:439,0
DA:445,0
DA:446,0
DA:449,0
DA:451,0
DA:453,0
DA:456,0
DA:457,0
DA:470,3
DA:471,4
DA:473,4
DA:474,4
DA:475,3
DA:487,0
DA:488,0
DA:490,0
DA:491,0
DA:492,0
DA:493,0
DA:495,0
DA:498,0
DA:500,0
DA:502,0
LF:158
LH:116
end_of_record
TN:
SF:contracts/tokenomics/vesting/src/error.rs
FN:32,from
FNF:1
FNDA:0,from
DA:32,0
DA:33,0
LF:2
LH:0
end_of_record
TN:
SF:contracts/tokenomics/vesting/src/migration.rs
FN:7,migrate_from_v100
FNF:1
FNDA:0,migrate_from_v100
DA:7,0
DA:13,0
DA:15,0
DA:16,0
DA:17,0
DA:18,0
DA:19,0
LF:7
LH:0
end_of_record
TN:
SF:contracts/tokenomics/vesting/src/state.rs
FN:46,read_vesting_infos
FN:67,{closure#0}
FNF:2
FNDA:1,read_vesting_infos
FNDA:2,{closure#0}
DA:46,1
DA:52,2
DA:53,1
DA:54,2
DA:55,1
DA:56,1
DA:59,3
DA:61,1
DA:62,1
DA:63,1
DA:64,2
DA:67,2
DA:70,1
LF:13
LH:13
end_of_record
TN:
SF:contracts/tokenomics/vesting/tests/integration.rs
FN:878,mock_app
FN:879,{closure#0}
FN:893,store_token_code
FN:903,instantiate_token
FN:929,instantiate_vesting
FN:980,instantiate_vesting_remote_chain
FN:1005,mint_tokens
FN:1015,check_token_balance
FNF:8
FNDA:1,mock_app
FNDA:5,{closure#0}
FNDA:3,store_token_code
FNDA:3,instantiate_token
FNDA:1,instantiate_vesting
FNDA:2,instantiate_vesting_remote_chain
FNDA:2,mint_tokens
FNDA:1,check_token_balance
DA:878,1
DA:879,5
DA:880,3
DA:883,3
DA:884,2
DA:885,3
DA:886,2
DA:893,3
DA:894,5
DA:900,2
DA:903,3
DA:904,2
DA:907,3
DA:908,2
DA:910,3
DA:911,2
DA:918,2
DA:920,1
DA:923,2
DA:924,1
DA:929,1
DA:930,2
DA:935,1
DA:936,2
DA:939,1
DA:940,2
DA:943,2
DA:946,1
DA:950,1
DA:954,3
DA:956,1
DA:958,0
DA:959,1
DA:960,1
DA:964,1
DA:965,1
DA:971,1
DA:972,1
DA:977,1
DA:980,2
DA:981,4
DA:986,2
DA:987,4
DA:990,2
DA:991,4
DA:994,2
DA:996,2
DA:1000,2
DA:1005,2
DA:1007,1
DA:1008,2
DA:1011,3
DA:1015,1
DA:1017,1
DA:1019,2
DA:1020,1
LF:56
LH:55
end_of_record
TN:
SF:contracts/tokenomics/xastro_token/src/contract.rs
FN:40,verify_xml_preamble
FN:45,{closure#0}
FN:63,verify_xml_logo
FN:74,verify_png_logo
FN:92,verify_logo
FN:112,instantiate
FN:191,create_accounts
FN:237,execute
FN:299,execute_transfer
FN:346,execute_burn
FN:394,execute_mint
FN:458,execute_send
FN:519,execute_transfer_from
FN:571,execute_burn_from
FN:627,execute_send_from
FN:717,query
FN:748,query_balance
FN:764,query_balance_at
FN:780,query_all_accounts
FN:794,{closure#1}
FNF:20
FNDA:0,verify_xml_preamble
FNDA:0,{closure#0}
FNDA:0,verify_xml_logo
FNDA:0,verify_png_logo
FNDA:0,verify_logo
FNDA:7,instantiate
FNDA:2,create_accounts
FNDA:5,execute
FNDA:1,execute_transfer
FNDA:1,execute_burn
FNDA:4,execute_mint
FNDA:1,execute_send
FNDA:0,execute_transfer_from
FNDA:0,execute_burn_from
FNDA:0,execute_send_from
FNDA:0,query
FNDA:4,query_balance
FNDA:2,query_balance_at
FNDA:0,query_all_accounts
FNDA:0,{closure#1}
DA:40,0
DA:44,0
DA:45,0
DA:47,0
DA:52,0
DA:53,0
DA:55,0
DA:63,0
DA:64,0
DA:66,0
DA:67,0
DA:69,0
DA:74,0
DA:82,0
DA:83,0
DA:84,0
DA:85,0
DA:87,0
DA:92,0
DA:93,0
DA:94,0
DA:95,0
DA:96,0
DA:112,7
DA:118,9
DA:121,9
DA:124,10
DA:126,11
DA:127,9
DA:131,10
DA:132,6
DA:133,1
DA:137,4
DA:138,4
DA:139,6
DA:140,4
DA:142,2
DA:147,4
DA:148,1
DA:149,4
DA:153,6
DA:155,1
DA:156,0
DA:157,0
DA:158,0
DA:160,0
DA:161,0
DA:162,0
DA:165,0
DA:169,0
DA:170,0
DA:171,0
DA:177,0
DA:180,6
DA:191,2
DA:192,8
DA:194,10
DA:195,2
DA:196,10
DA:197,8
DA:200,2
DA:237,5
DA:243,5
DA:244,1
DA:245,2
DA:247,2
DA:248,1
DA:253,4
DA:254,0
DA:259,0
DA:264,0
DA:269,0
DA:270,0
DA:276,0
DA:281,0
DA:282,0
DA:299,1
DA:306,2
DA:307,1
DA:310,2
DA:312,3
DA:313,1
DA:315,1
DA:316,4
DA:317,2
DA:320,2
DA:321,1
DA:323,1
DA:324,3
DA:327,7
DA:329,1
DA:330,1
DA:331,2
DA:332,2
DA:346,1
DA:352,2
DA:353,1
DA:357,3
DA:358,1
DA:360,1
DA:361,4
DA:362,2
DA:367,3
DA:368,2
DA:369,1
DA:372,2
DA:374,4
DA:376,1
DA:377,1
DA:378,1
DA:394,4
DA:401,8
DA:402,1
DA:405,8
DA:407,7
DA:408,6
DA:409,1
DA:412,1
DA:416,1
DA:417,2
DA:418,2
DA:419,1
DA:423,2
DA:425,3
DA:428,4
DA:429,4
DA:430,2
DA:432,2
DA:433,6
DA:436,8
DA:438,2
DA:439,2
DA:440,2
DA:458,1
DA:466,2
DA:467,1
DA:470,2
DA:473,3
DA:474,1
DA:476,1
DA:477,4
DA:478,2
DA:481,2
DA:482,1
DA:484,1
DA:485,3
DA:488,4
DA:492,2
DA:494,2
DA:495,1
DA:496,1
DA:497,1
DA:499,1
DA:501,1
DA:519,0
DA:527,0
DA:528,0
DA:531,0
DA:533,0
DA:534,0
DA:536,0
DA:537,0
DA:538,0
DA:541,0
DA:542,0
DA:544,0
DA:545,0
DA:548,0
DA:549,0
DA:550,0
DA:551,0
DA:552,0
DA:553,0
DA:555,0
DA:571,0
DA:578,0
DA:581,0
DA:584,0
DA:585,0
DA:587,0
DA:588,0
DA:589,0
DA:594,0
DA:595,0
DA:596,0
DA:599,0
DA:601,0
DA:602,0
DA:603,0
DA:604,0
DA:605,0
DA:607,0
DA:627,0
DA:636,0
DA:637,0
DA:640,0
DA:643,0
DA:644,0
DA:646,0
DA:647,0
DA:648,0
DA:651,0
DA:652,0
DA:654,0
DA:655,0
DA:658,0
DA:659,0
DA:660,0
DA:661,0
DA:662,0
DA:663,0
DA:668,0
DA:672,0
DA:674,0
DA:675,0
DA:717,0
DA:718,0
DA:719,0
DA:720,0
DA:721,0
DA:723,0
DA:724,0
DA:725,0
DA:726,0
DA:727,0
DA:729,0
DA:734,0
DA:735,0
DA:737,0
DA:738,0
DA:748,4
DA:749,5
DA:750,11
DA:751,9
DA:753,9
DA:764,2
DA:765,5
DA:766,9
DA:767,3
DA:769,3
DA:780,0
DA:785,0
DA:786,0
DA:787,0
DA:789,0
DA:791,0
DA:792,0
DA:794,0
DA:797,0
LF:249
LH:122
end_of_record
TN:
SF:contracts/tokenomics/xastro_token/src/state.rs
FN:25,capture_total_supply_history
FN:37,get_total_supply_at
FNF:2
FNDA:2,capture_total_supply_history
FNDA:1,get_total_supply_at
DA:25,2
DA:30,9
DA:37,1
DA:39,1
DA:40,1
DA:41,1
DA:44,1
DA:45,2
DA:46,2
DA:49,1
LF:10
LH:10
end_of_record
TN:
SF:contracts/whitelist/src/contract.rs
FN:16,instantiate
FN:32,validate_addresses
FN:37,execute
FN:47,query
FNF:4
FNDA:3,instantiate
FNDA:1,validate_addresses
FNDA:0,execute
FNDA:0,query
DA:16,3
DA:22,4
DA:25,4
DA:26,1
DA:28,4
DA:29,4
DA:32,1
DA:33,7
DA:37,0
DA:43,0
DA:47,0
DA:48,0
LF:12
LH:8
end_of_record
TN:
SF:packages/astroport/src/asset.rs
FN:30,fmt
FN:39,is_native_token
FN:48,compute_tax
FN:58,deduct_tax
FN:82,into_msg
FN:106,assert_sent_native_token_balance
FN:108,{closure#0}
FN:147,fmt
FN:159,is_native_token
FN:171,query_pool
FN:188,equal
FN:212,as_bytes
FN:224,check
FN:263,query_pools
FN:286,deps.api.addr_validate
FN:297,addr_opt_validate
FN:299,{closure#0}
FN:310,format_lp_token_name
FN:335,native_asset
FN:347,token_asset
FN:357,native_asset_info
FN:364,token_asset_info
FN:369,pair_info_by_pool
FN:387,with_balance<cosmwasm_std::math::uint128::Uint128>
FNF:24
FNDA:10,fmt
FNDA:5,is_native_token
FNDA:9,compute_tax
FNDA:8,deduct_tax
FNDA:12,into_msg
FNDA:13,assert_sent_native_token_balance
FNDA:34,{closure#0}
FNDA:23,fmt
FNDA:6,is_native_token
FNDA:16,query_pool
FNDA:14,equal
FNDA:12,as_bytes
FNDA:28,check
FNDA:14,query_pools
FNDA:42,deps.api.addr_validate
FNDA:5,addr_opt_validate
FNDA:15,{closure#0}
FNDA:19,format_lp_token_name
FNDA:1,native_asset
FNDA:1,token_asset
FNDA:8,native_asset_info
FNDA:10,token_asset_info
FNDA:1,pair_info_by_pool
FNDA:6,with_balance<cosmwasm_std::math::uint128::Uint128>
DA:30,10
DA:31,10
DA:39,5
DA:40,5
DA:48,9
DA:50,8
DA:58,8
DA:59,8
DA:60,16
DA:61,8
DA:62,8
DA:66,0
DA:82,12
DA:83,13
DA:85,12
DA:86,23
DA:87,12
DA:88,24
DA:89,11
DA:92,13
DA:94,6
DA:95,6
DA:96,12
DA:106,13
DA:107,13
DA:108,34
DA:109,8
DA:110,20
DA:111,8
DA:113,4
DA:117,0
DA:118,0
DA:120,0
DA:125,10
DA:147,23
DA:148,17
DA:149,10
DA:150,38
DA:159,6
DA:160,6
DA:161,5
DA:162,4
DA:171,16
DA:172,16
DA:173,14
DA:174,28
DA:176,10
DA:177,11
DA:188,14
DA:189,14
DA:190,11
DA:191,11
DA:192,11
DA:193,11
DA:194,4
DA:197,7
DA:198,7
DA:199,7
DA:200,3
DA:201,6
DA:212,12
DA:213,18
DA:214,2
DA:215,29
DA:224,28
DA:225,28
DA:226,31
DA:227,64
DA:229,20
DA:230,38
DA:231,0
DA:238,34
DA:263,14
DA:268,30
DA:269,14
DA:270,28
DA:271,15
DA:273,17
DA:274,32
DA:275,16
DA:286,42
DA:287,69
DA:288,1
DA:293,35
DA:297,5
DA:298,10
DA:299,15
DA:310,19
DA:314,21
DA:315,63
DA:316,24
DA:317,11
DA:318,26
DA:320,18
DA:321,47
DA:322,41
DA:325,19
DA:327,39
DA:335,1
DA:337,1
DA:347,1
DA:349,1
DA:357,8
DA:364,10
DA:369,1
DA:370,12
DA:372,1
DA:374,8
DA:376,6
DA:378,1
DA:387,6
DA:389,4
DA:390,6
LF:113
LH:108
end_of_record
TN:
SF:packages/astroport/src/common.rs
FN:33,propose_new_owner
FN:80,drop_ownership_proposal
FN:110,claim_ownership
FNF:3
FNDA:3,propose_new_owner
FNDA:0,drop_ownership_proposal
FNDA:3,claim_ownership
DA:33,3
DA:43,6
DA:44,3
DA:47,6
DA:50,6
DA:51,0
DA:54,6
DA:55,3
DA:56,3
DA:57,3
DA:58,6
DA:62,6
DA:63,3
DA:64,3
DA:80,0
DA:87,0
DA:88,0
DA:91,0
DA:93,0
DA:110,3
DA:117,12
DA:118,3
DA:119,9
DA:122,6
DA:123,3
DA:126,6
DA:127,0
DA:130,3
DA:133,3
DA:135,12
DA:136,3
DA:137,3
LF:32
LH:25
end_of_record
TN:
SF:packages/astroport/src/factory.rs
FN:26,fmt
FN:58,valid_fee_bps
FNF:2
FNDA:22,fmt
FNDA:19,valid_fee_bps
DA:26,22
DA:27,16
DA:28,21
DA:29,8
DA:30,1
DA:58,19
DA:59,23
LF:7
LH:7
end_of_record
TN:
SF:packages/astroport/src/generator.rs
FN:267,increase
FN:273,increase
FNF:2
FNDA:1,increase
FNDA:0,increase
DA:235,0
DA:236,0
DA:239,0
DA:240,0
DA:242,0
DA:243,0
DA:245,0
DA:248,2
DA:249,4
DA:250,0
DA:252,4
DA:253,2
DA:254,2
DA:255,2
DA:258,2
DA:261,2
DA:262,0
DA:267,1
DA:268,1
DA:273,0
DA:274,0
DA:279,6
DA:280,6
LF:23
LH:12
end_of_record
TN:
SF:packages/astroport/src/lib.rs
FN:40,astro_checked_mul
FNF:1
FNDA:1,astro_checked_mul
DA:40,1
DA:41,1
DA:42,1
DA:44,4
DA:46,4
DA:47,0
DA:48,0
DA:49,0
DA:50,0
DA:53,4
LF:10
LH:6
end_of_record
TN:
SF:packages/astroport/src/querier.rs
FN:25,query_balance
FN:42,query_all_balances
FN:57,query_token_balance
FN:70,{closure#0}
FN:82,query_token_symbol
FN:96,query_supply
FN:110,query_token_precision
FN:127,query_factory_config
FN:154,query_fee_info
FN:178,query_pair_info
FN:200,query_pairs_info
FN:219,simulate
FN:239,reverse_simulate
FNF:13
FNDA:12,query_balance
FNDA:1,query_all_balances
FNDA:15,query_token_balance
FNDA:2,{closure#0}
FNDA:15,query_token_symbol
FNDA:12,query_supply
FNDA:4,query_token_precision
FNDA:1,query_factory_config
FNDA:7,query_fee_info
FNDA:4,query_pair_info
FNDA:0,query_pairs_info
FNDA:0,simulate
FNDA:0,reverse_simulate
DA:25,12
DA:30,38
DA:31,12
DA:32,13
DA:34,13
DA:42,1
DA:43,2
DA:45,1
DA:47,1
DA:57,15
DA:63,50
DA:64,16
DA:65,15
DA:66,32
DA:67,16
DA:70,2
DA:71,1
DA:74,19
DA:82,15
DA:83,41
DA:84,24
DA:85,40
DA:88,15
DA:96,12
DA:97,25
DA:98,13
DA:99,25
DA:102,14
DA:110,4
DA:111,8
DA:112,3
DA:113,4
DA:115,7
DA:117,3
DA:127,1
DA:131,1
DA:132,1
DA:133,2
DA:154,7
DA:159,18
DA:160,7
DA:161,13
DA:164,7
DA:165,7
DA:166,13
DA:167,6
DA:178,4
DA:183,4
DA:184,4
DA:185,8
DA:186,4
DA:200,0
DA:206,0
DA:207,0
DA:208,0
DA:219,0
DA:224,0
DA:225,0
DA:226,0
DA:227,0
DA:239,0
DA:244,0
DA:245,0
DA:246,0
DA:247,0
LF:65
LH:51
end_of_record
TN:
SF:packages/astroport/src/router.rs
FN:37,get_target_asset_info
FNF:1
FNDA:2,get_target_asset_info
DA:37,2
DA:38,2
DA:40,0
DA:42,2
LF:4
LH:3
end_of_record
TN:
SF:packages/astroport/src/token.rs
FN:44,get_cap
FN:48,validate
FN:70,is_valid_name
FN:81,is_valid_symbol
FNF:4
FNDA:22,get_cap
FNDA:17,validate
FNDA:15,is_valid_name
FNDA:22,is_valid_symbol
DA:44,22
DA:45,55
DA:48,17
DA:50,13
DA:51,0
DA:55,37
DA:56,0
DA:60,22
DA:61,0
DA:63,17
DA:70,15
DA:71,15
DA:72,15
DA:73,0
DA:75,14
DA:81,22
DA:82,17
DA:83,22
DA:84,0
DA:86,55
DA:87,22
DA:88,0
DA:91,16
LF:23
LH:17
end_of_record
TN:
SF:packages/astroport/src/vesting.rs
FN:155,into
FNF:1
FNDA:1,into
DA:155,1
DA:156,2
DA:157,1
DA:159,1
LF:4
LH:4
end_of_record
TN:
SF:packages/astroport/src/xastro_token.rs
FN:92,get_cap
FN:96,validate
FN:118,is_valid_name
FN:129,is_valid_symbol
FNF:4
FNDA:2,get_cap
FNDA:9,validate
FNDA:7,is_valid_name
FNDA:8,is_valid_symbol
DA:92,2
DA:93,19
DA:96,9
DA:98,1
DA:99,0
DA:103,10
DA:104,0
DA:108,8
DA:109,0
DA:111,2
DA:118,7
DA:119,2
DA:120,8
DA:121,0
DA:123,1
DA:129,8
DA:130,1
DA:131,8
DA:132,0
DA:134,11
DA:135,8
DA:136,0
DA:139,2
LF:23
LH:17
end_of_record
